2019/02/26 18:42:16 [info] 1500: 监听80端口成功!
2019/02/26 18:42:16 [info] 1500: 监听443端口成功!
2019/02/26 18:59:07 [info] 1576: 监听80端口成功!
2019/02/26 18:59:07 [info] 1576: 监听443端口成功!
2019/02/26 19:04:22 [info] 1582: 监听80端口成功!
2019/02/26 19:04:22 [info] 1582: 监听443端口成功!
2019/02/27 11:16:02 [info] 2915: 监听80端口成功!
2019/02/27 11:16:02 [info] 2915: 监听443端口成功!
2019/02/27 11:31:28 [info] 3047: 监听80端口成功!
2019/02/27 11:31:28 [info] 3047: 监听443端口成功!
2019/02/27 11:40:26 [info] 3121: 监听80端口成功!
2019/02/27 11:40:26 [info] 3121: 监听443端口成功!
2019/02/27 11:42:25 [info] 3184: 监听80端口成功!
2019/02/27 11:42:25 [info] 3184: 监听443端口成功!
2019/02/27 11:42:25 [notice] 3214: master process ./nginx 3214 【master进程】启动并开始运行......!
2019/02/27 11:42:26 [notice] 3215: worker process 3215 【worker进程】启动并开始运行......!
2019/02/27 11:42:53 [notice] 3214: signal 15 (SIGTERM) received from 2878
2019/02/27 11:59:54 [stderr] 3215: nginx: 111111111111111111111111111111.
2019/02/27 19:12:00 [stderr] 3215: nginx: 111111111111111111111111111111. (104: Connection reset by peer) 
2019/02/27 19:12:10 [stderr] 3215: nginx: 111111111111111111111111111111. (104: Connection reset by peer) 
2019/02/27 19:12:21 [stderr] 3215: nginx: 111111111111111111111111111111. (104: Connection reset by peer) 
2019/02/27 19:12:32 [stderr] 3215: nginx: 111111111111111111111111111111. (104: Connection reset by peer) 
2019/02/27 22:29:36 [stderr] 3215: nginx: 111111111111111111111111111111. (104: Connection reset by peer) 
2019/02/28 03:40:28 [stderr] 3215: nginx: 111111111111111111111111111111. (104: Connection reset by peer) 
2019/02/28 05:55:29 [stderr] 3215: nginx: 111111111111111111111111111111. (104: Connection reset by peer) 
2019/02/28 05:55:39 [stderr] 3215: nginx: 111111111111111111111111111111. (104: Connection reset by peer) 
2019/02/28 05:55:50 [stderr] 3215: nginx: 111111111111111111111111111111. (104: Connection reset by peer) 
2019/02/28 05:55:59 [stderr] 3215: nginx: 111111111111111111111111111111. (104: Connection reset by peer) 
2019/02/28 18:00:25 [stderr] 3215: nginx: 111111111111111111111111111111. (5: Input/output error) 
2019/03/01 02:20:30 [stderr] 3215: nginx: 111111111111111111111111111111. (104: Connection reset by peer) 
2019/03/01 04:33:54 [stderr] 3215: nginx: 111111111111111111111111111111. (5: Input/output error) 
2019/03/01 14:20:02 [stderr] 3215: nginx: CLogicSocket::threadRecvProcFunc()中CRC错误，丢弃数据!
2019/03/01 14:21:09 [stderr] 3215: nginx: 111111111111111111111111111111. (5: Input/output error) 
2019/03/01 20:47:29 [stderr] 3215: nginx: 111111111111111111111111111111. (104: Connection reset by peer) 
2019/03/02 00:35:24 [stderr] 3215: nginx: 111111111111111111111111111111. (104: Connection reset by peer) 
2019/03/02 00:45:37 [stderr] 3215: nginx: 111111111111111111111111111111. (5: Input/output error) 
2019/03/02 05:52:13 [stderr] 3215: nginx: 111111111111111111111111111111. (104: Connection reset by peer) 
2019/03/02 20:58:24 [stderr] 3215: nginx: 111111111111111111111111111111. (5: Input/output error) 
2019/03/02 21:25:32 [stderr] 3215: nginx: 111111111111111111111111111111. (104: Connection reset by peer) 
2019/03/02 21:25:42 [stderr] 3215: nginx: 111111111111111111111111111111. (104: Connection reset by peer) 
2019/03/02 21:25:52 [stderr] 3215: nginx: 111111111111111111111111111111. (104: Connection reset by peer) 
2019/03/03 06:55:30 [stderr] 3215: nginx: 111111111111111111111111111111. (104: Connection reset by peer) 
2019/03/03 07:14:18 [stderr] 3215: nginx: 111111111111111111111111111111. (5: Input/output error) 
2019/03/03 07:57:41 [stderr] 3215: nginx: 111111111111111111111111111111. (104: Connection reset by peer) 
2019/03/03 17:28:35 [stderr] 3215: nginx: 111111111111111111111111111111. (5: Input/output error) 
2019/03/04 03:30:32 [stderr] 3215: nginx: 111111111111111111111111111111. (5: Input/output error) 
2019/03/04 03:36:32 [stderr] 3215: nginx: 111111111111111111111111111111. (104: Connection reset by peer) 
2019/03/04 14:01:40 [stderr] 3215: nginx: 111111111111111111111111111111. (5: Input/output error) 
2019/03/04 16:33:41 [stderr] 3215: nginx: 111111111111111111111111111111. (104: Connection reset by peer) 
2019/03/04 16:33:51 [stderr] 3215: nginx: 111111111111111111111111111111. (104: Connection reset by peer) 
2019/03/04 16:34:01 [stderr] 3215: nginx: 111111111111111111111111111111. (104: Connection reset by peer) 
2019/03/04 21:02:30 [stderr] 3215: nginx: 111111111111111111111111111111. (104: Connection reset by peer) 
2019/03/04 21:02:40 [stderr] 3215: nginx: 111111111111111111111111111111. (104: Connection reset by peer) 
2019/03/04 21:02:50 [stderr] 3215: nginx: 111111111111111111111111111111. (104: Connection reset by peer) 
2019/03/04 21:03:00 [stderr] 3215: nginx: 111111111111111111111111111111. (104: Connection reset by peer) 
2019/03/04 23:08:34 [stderr] 3215: nginx: 111111111111111111111111111111. (104: Connection reset by peer) 
2019/03/04 23:08:44 [stderr] 3215: nginx: 111111111111111111111111111111. (104: Connection reset by peer) 
2019/03/04 23:08:54 [stderr] 3215: nginx: 111111111111111111111111111111. (104: Connection reset by peer) 
2019/03/04 23:09:04 [stderr] 3215: nginx: 111111111111111111111111111111. (104: Connection reset by peer) 
2019/03/05 09:34:06 [stderr] 3215: nginx: 111111111111111111111111111111. (5: Input/output error) 
2019/03/05 14:03:21 [stderr] 3215: nginx: 111111111111111111111111111111. (104: Connection reset by peer) 
2019/03/05 14:06:54 [stderr] 3215: nginx: CLogicSocket::threadRecvProcFunc()中CRC错误，丢弃数据!
2019/03/05 14:27:41 [stderr] 3215: nginx: 111111111111111111111111111111. (104: Connection reset by peer) 
2019/03/05 17:13:01 [stderr] 3215: nginx: 111111111111111111111111111111. (104: Connection reset by peer) 
2019/03/05 19:57:57 [stderr] 3215: nginx: 111111111111111111111111111111. (5: Input/output error) 
2019/03/06 00:26:37 [stderr] 3215: nginx: 111111111111111111111111111111. (104: Connection reset by peer) 
2019/03/06 00:26:47 [stderr] 3215: nginx: 111111111111111111111111111111. (104: Connection reset by peer) 
2019/03/06 00:26:57 [stderr] 3215: nginx: 111111111111111111111111111111. (104: Connection reset by peer) 
2019/03/06 00:27:07 [stderr] 3215: nginx: 111111111111111111111111111111. (104: Connection reset by peer) 
2019/03/06 05:56:57 [stderr] 3215: nginx: 111111111111111111111111111111. (5: Input/output error) 
2019/03/06 09:48:20 [stderr] 3215: nginx: 111111111111111111111111111111. (104: Connection reset by peer) 
2019/03/06 10:56:59 [stderr] 3215: nginx: 111111111111111111111111111111. (104: Connection reset by peer) 
2019/03/07 01:07:35 [stderr] 3215: nginx: 111111111111111111111111111111. (104: Connection reset by peer) 
2019/03/07 01:55:37 [stderr] 3215: nginx: 111111111111111111111111111111. (5: Input/output error) 
2019/03/07 11:51:01 [stderr] 3215: nginx: 111111111111111111111111111111. (104: Connection reset by peer) 
2019/03/07 11:51:05 [stderr] 3215: nginx: 111111111111111111111111111111. (104: Connection reset by peer) 
2019/03/07 11:52:14 [stderr] 3215: nginx: 111111111111111111111111111111. (5: Input/output error) 
2019/03/07 14:02:29 [stderr] 3215: nginx: 111111111111111111111111111111. (104: Connection reset by peer) 
2019/03/07 15:03:44 [stderr] 4747: nginx: CSocekt::Initialize()中bind()失败,i=0. (98: Address already in use) 
2019/03/07 15:03:44 [stderr] 4747: nginx: 程序退出，再见了!
2019/03/07 15:07:42 [info] 4759: 监听80端口成功!
2019/03/07 15:07:42 [info] 4759: 监听443端口成功!
2019/03/07 15:07:42 [stderr] 4759: nginx: mysql 数据库连接池初始化失败
2019/03/07 15:07:42 [stderr] 4759: nginx: 程序退出，再见了!
2019/03/07 15:14:51 [info] 4765: 监听80端口成功!
2019/03/07 15:14:51 [info] 4765: 监听443端口成功!
2019/03/07 15:14:51 [stderr] 4765: nginx: mysql 数据库连接池初始化失败
2019/03/07 15:14:51 [stderr] 4765: nginx: 程序退出，再见了!
2019/03/07 15:48:09 [info] 5043: 监听80端口成功!
2019/03/07 15:48:09 [info] 5043: 监听443端口成功!
2019/03/07 15:48:09 [stderr] 5043: nginx: mysql 数据库连接池初始化失败
2019/03/07 15:48:09 [stderr] 5043: nginx: 程序退出，再见了!
2019/03/07 15:51:56 [info] 5111: 监听80端口成功!
2019/03/07 15:51:56 [info] 5111: 监听443端口成功!
2019/03/07 15:51:56 [stderr] 5111: nginx: mysql 数据库初始化成功
2019/03/07 15:51:56 [stderr] 5111: nginx: mysql 数据库连接池初始化失败
2019/03/07 15:51:56 [stderr] 5111: nginx: 程序退出，再见了!
2019/03/07 15:55:18 [info] 5294: 监听80端口成功!
2019/03/07 15:55:18 [info] 5294: 监听443端口成功!
2019/03/07 15:55:18 [stderr] 5294: nginx: mysql 数据库初始化成功
2019/03/07 15:55:18 [stderr] 5294: nginx: mysql 数据库连接池初始化失败
2019/03/07 15:55:18 [stderr] 5294: nginx: 程序退出，再见了!
2019/03/07 15:56:32 [info] 5408: 监听80端口成功!
2019/03/07 15:56:32 [info] 5408: 监听443端口成功!
2019/03/07 15:56:32 [stderr] 5408: nginx: mysql 数据库初始化成功
2019/03/07 15:56:32 [stderr] 5408: nginx: mysql 数据库连接池初始化失败
2019/03/07 15:56:32 [stderr] 5408: nginx: 程序退出，再见了!
2019/03/07 15:57:24 [info] 5483: 监听80端口成功!
2019/03/07 15:57:24 [info] 5483: 监听443端口成功!
2019/03/07 15:57:24 [stderr] 5483: nginx: mysql 数据库初始化成功
2019/03/07 15:57:24 [stderr] 5483: nginx: mysql 数据库连接池初始化失败
2019/03/07 15:57:24 [stderr] 5483: nginx: 程序退出，再见了!
2019/03/07 15:58:23 [info] 5765: 监听80端口成功!
2019/03/07 15:58:23 [info] 5765: 监听443端口成功!
2019/03/07 15:58:23 [stderr] 5765: nginx: mysql 数据库初始化成功
2019/03/07 15:58:23 [stderr] 5765: nginx: mysql 数据库连接池初始化失败
2019/03/07 15:58:23 [stderr] 5765: nginx: 程序退出，再见了!
2019/03/07 16:00:30 [info] 5831: 监听80端口成功!
2019/03/07 16:00:30 [info] 5831: 监听443端口成功!
2019/03/07 16:00:30 [stderr] 5831: nginx: mysql 数据库初始化成功
2019/03/07 16:00:30 [stderr] 5831: nginx: mysql 数据库连接池初始化失败
2019/03/07 16:00:30 [stderr] 5831: nginx: 程序退出，再见了!
2019/03/07 16:02:29 [info] 5906: 监听80端口成功!
2019/03/07 16:02:29 [info] 5906: 监听443端口成功!
2019/03/07 16:02:29 [stderr] 5906: nginx: mysql 数据库初始化成功
2019/03/07 16:02:29 [stderr] 5906: nginx: mysql 数据库连接池初始化失败
2019/03/07 16:02:29 [stderr] 5906: nginx: 程序退出，再见了!
2019/03/07 16:03:33 [info] 5972: 监听80端口成功!
2019/03/07 16:03:33 [info] 5972: 监听443端口成功!
2019/03/07 16:03:33 [stderr] 5972: nginx: mysql 数据库初始化成功
2019/03/07 16:03:33 [stderr] 5972: nginx: mysql 数据库连接池初始化失败
2019/03/07 16:03:33 [stderr] 5972: nginx: 程序退出，再见了!
2019/03/07 16:05:16 [info] 6041: 监听80端口成功!
2019/03/07 16:05:16 [info] 6041: 监听443端口成功!
2019/03/07 16:05:16 [stderr] 6041: nginx: mysql 数据库初始化成功
2019/03/07 16:05:16 [stderr] 6041: nginx: mysql 数据库连接池初始化失败
2019/03/07 16:05:16 [stderr] 6041: nginx: 程序退出，再见了!
2019/03/07 16:05:58 [info] 6104: 监听80端口成功!
2019/03/07 16:05:58 [info] 6104: 监听443端口成功!
2019/03/07 16:05:58 [stderr] 6104: nginx: mysql 数据库初始化成功
2019/03/07 16:05:58 [stderr] 6104: nginx: mysql 数据库连接池初始化失败
2019/03/07 16:05:58 [stderr] 6104: nginx: 程序退出，再见了!
2019/03/07 16:07:13 [info] 6174: 监听80端口成功!
2019/03/07 16:07:13 [info] 6174: 监听443端口成功!
2019/03/07 16:07:13 [stderr] 6174: nginx: mysql 数据库初始化成功
2019/03/07 16:07:13 [stderr] 6174: nginx: mysql 数据库连接池初始化失败
2019/03/07 16:07:13 [stderr] 6174: nginx: 程序退出，再见了!
2019/03/07 16:09:21 [info] 6241: 监听80端口成功!
2019/03/07 16:09:21 [info] 6241: 监听443端口成功!
2019/03/07 16:09:21 [stderr] 6241: nginx: mysql 数据库初始化成功
2019/03/07 16:09:21 [notice] 6243: master process ./nginx 6243 【master进程】启动并开始运行......!
2019/03/07 16:09:23 [notice] 6244: worker process 6244 【worker进程】启动并开始运行......!
2019/03/07 16:12:09 [info] 6327: 监听80端口成功!
2019/03/07 16:12:09 [info] 6327: 监听443端口成功!
2019/03/07 16:12:09 [stderr] 6327: nginx: mysql 数据库初始化成功
2019/03/07 16:12:09 [notice] 6351: master process ./nginx 6351 【master进程】启动并开始运行......!
2019/03/07 16:12:10 [notice] 6352: worker process 6352 【worker进程】启动并开始运行......!
2019/03/07 16:30:27 [info] 6386: 监听80端口成功!
2019/03/07 16:30:27 [info] 6386: 监听443端口成功!
2019/03/07 16:30:27 [stderr] 6386: nginx: mysql 数据库初始化成功
2019/03/07 16:30:27 [notice] 6411: master process ./nginx 6411 【master进程】启动并开始运行......!
2019/03/07 16:30:28 [notice] 6412: worker process 6412 【worker进程】启动并开始运行......!
2019/03/07 16:30:53 [info] 6484: 监听80端口成功!
2019/03/07 16:30:53 [info] 6484: 监听443端口成功!
2019/03/07 16:30:53 [stderr] 6484: nginx: mysql 数据库初始化成功
2019/03/07 16:30:53 [notice] 6508: master process ./nginx 6508 【master进程】启动并开始运行......!
2019/03/07 16:30:54 [notice] 6509: worker process 6509 【worker进程】启动并开始运行......!
2019/03/07 16:32:55 [info] 6582: 监听80端口成功!
2019/03/07 16:32:55 [info] 6582: 监听443端口成功!
2019/03/07 16:32:55 [stderr] 6582: nginx: mysql 数据库初始化成功
2019/03/07 16:54:13 [info] 6944: 监听80端口成功!
2019/03/07 16:54:13 [info] 6944: 监听443端口成功!
2019/03/07 16:54:13 [stderr] 6944: nginx: mysql 数据库初始化成功
2019/03/07 16:54:13 [notice] 6968: master process ./nginx 6968 【master进程】启动并开始运行......!
2019/03/07 16:54:14 [notice] 6969: worker process 6969 【worker进程】启动并开始运行......!
2019/03/07 16:57:53 [stderr] 6969: nginx: 即将发送数据65008。
2019/03/07 16:57:53 [stderr] 6969: nginx: CSocekt::ServerSendQueueThread()中数据没发送完毕【发送缓冲区满】，整个要发送18412，实际发送了46596。
2019/03/07 16:57:54 [stderr] 6969: nginx: CSocekt::ngx_write_request_handler()中数据发送完毕，很好。
2019/03/07 16:59:31 [info] 7086: 监听80端口成功!
2019/03/07 16:59:31 [info] 7086: 监听443端口成功!
2019/03/07 16:59:31 [stderr] 7086: nginx: mysql 数据库初始化成功
2019/03/07 16:59:31 [notice] 7110: master process ./nginx 7110 【master进程】启动并开始运行......!
2019/03/07 16:59:32 [notice] 7114: worker process 7114 【worker进程】启动并开始运行......!
2019/03/07 16:59:32 [notice] 7112: worker process 7112 【worker进程】启动并开始运行......!
2019/03/07 16:59:32 [notice] 7113: worker process 7113 【worker进程】启动并开始运行......!
2019/03/07 16:59:32 [notice] 7111: worker process 7111 【worker进程】启动并开始运行......!
2019/03/07 16:59:43 [stderr] 7113: nginx: 即将发送数据65008。
2019/03/07 16:59:43 [stderr] 7113: nginx: CSocekt::ServerSendQueueThread()中数据没发送完毕【发送缓冲区满】，整个要发送18412，实际发送了46596。
2019/03/07 16:59:43 [stderr] 7113: nginx: CSocekt::ngx_write_request_handler()中数据发送完毕，很好。
2019/03/07 16:59:47 [stderr] 7113: nginx: 即将发送数据65008。
2019/03/07 16:59:47 [stderr] 7113: nginx: CSocekt::ServerSendQueueThread()中数据发送完毕，很好。
2019/03/07 16:59:52 [stderr] 7113: nginx: 即将发送数据65008。
2019/03/07 16:59:52 [stderr] 7113: nginx: CSocekt::ServerSendQueueThread()中数据发送完毕，很好。
2019/03/07 16:59:55 [stderr] 7113: nginx: 即将发送数据65008。
2019/03/07 16:59:55 [stderr] 7113: nginx: CSocekt::ServerSendQueueThread()中数据没发送完毕【发送缓冲区满】，整个要发送55292，实际发送了9716。
2019/03/07 17:00:11 [stderr] 7113: nginx: CSocekt::ngx_write_request_handler()中数据发送完毕，很好。
2019/03/07 17:00:11 [stderr] 7113: nginx: 即将发送数据65008。
2019/03/07 17:00:11 [stderr] 7113: nginx: CSocekt::ServerSendQueueThread()中数据没发送完毕【发送缓冲区满】，整个要发送55348，实际发送了9660。
2019/03/07 17:00:11 [stderr] 7113: nginx: CSocekt::ngx_write_request_handler()中数据发送完毕，很好。
2019/03/07 17:00:11 [stderr] 7113: nginx: 即将发送数据65008。
2019/03/07 17:00:11 [stderr] 7113: nginx: CSocekt::ServerSendQueueThread()中数据没发送完毕【发送缓冲区满】，整个要发送22928，实际发送了42080。
2019/03/07 17:43:06 [info] 7740: 监听80端口成功!
2019/03/07 17:43:06 [info] 7740: 监听443端口成功!
2019/03/07 17:43:06 [stderr] 7740: nginx: mysql 数据库初始化成功
2019/03/07 17:43:06 [notice] 7764: master process ./nginx 7764 【master进程】启动并开始运行......!
2019/03/07 17:43:07 [notice] 7768: worker process 7768 【worker进程】启动并开始运行......!
2019/03/07 17:43:07 [notice] 7767: worker process 7767 【worker进程】启动并开始运行......!
2019/03/07 17:43:07 [notice] 7766: worker process 7766 【worker进程】启动并开始运行......!
2019/03/07 17:43:07 [notice] 7765: worker process 7765 【worker进程】启动并开始运行......!
2019/03/07 17:43:20 [stderr] 7767: nginx: 即将发送数据65008。
2019/03/07 17:43:20 [stderr] 7767: nginx: CSocekt::ServerSendQueueThread()中数据没发送完毕【发送缓冲区满】，整个要发送18412，实际发送了46596。
2019/03/07 17:43:20 [stderr] 7767: nginx: CSocekt::ngx_write_request_handler()中数据发送完毕，很好。
2019/03/08 10:02:43 [info] 11944: 监听80端口成功!
2019/03/08 10:02:43 [info] 11944: 监听443端口成功!
2019/03/08 10:02:43 [stderr] 11944: nginx: mysql 数据库初始化成功
2019/03/08 10:02:43 [notice] 11968: master process ./nginx 11968 【master进程】启动并开始运行......!
2019/03/08 10:02:45 [notice] 11972: worker process 11972 【worker进程】启动并开始运行......!
2019/03/08 10:02:45 [notice] 11971: worker process 11971 【worker进程】启动并开始运行......!
2019/03/08 10:02:45 [notice] 11970: worker process 11970 【worker进程】启动并开始运行......!
2019/03/08 10:02:45 [notice] 11969: worker process 11969 【worker进程】启动并开始运行......!
2019/03/08 10:09:26 [info] 12129: 监听80端口成功!
2019/03/08 10:09:26 [info] 12129: 监听443端口成功!
2019/03/08 10:09:26 [stderr] 12129: nginx: mysql 数据库初始化成功
2019/03/08 10:09:26 [notice] 12153: master process ./nginx 12153 【master进程】启动并开始运行......!
2019/03/08 10:09:27 [notice] 12157: worker process 12157 【worker进程】启动并开始运行......!
2019/03/08 10:09:27 [notice] 12156: worker process 12156 【worker进程】启动并开始运行......!
2019/03/08 10:09:27 [notice] 12155: worker process 12155 【worker进程】启动并开始运行......!
2019/03/08 10:09:27 [notice] 12154: worker process 12154 【worker进程】启动并开始运行......!
2019/03/08 10:09:47 [stderr] 12156: nginx: 1111111111111111111111111111111111111111111111111111111111111!
2019/03/08 10:47:26 [info] 12303: 监听80端口成功!
2019/03/08 10:47:26 [info] 12303: 监听443端口成功!
2019/03/08 10:47:26 [stderr] 12303: nginx: mysql 数据库初始化成功
2019/03/08 10:47:26 [notice] 12327: master process ./nginx 12327 【master进程】启动并开始运行......!
2019/03/08 10:47:27 [notice] 12331: worker process 12331 【worker进程】启动并开始运行......!
2019/03/08 10:47:27 [notice] 12330: worker process 12330 【worker进程】启动并开始运行......!
2019/03/08 10:47:27 [notice] 12329: worker process 12329 【worker进程】启动并开始运行......!
2019/03/08 10:47:27 [notice] 12328: worker process 12328 【worker进程】启动并开始运行......!
2019/03/08 10:47:34 [stderr] 12330: nginx: 1111111111111111111111111111111111111111111111111111111111111!
2019/03/08 10:47:34 [stderr] 12330: nginx: 222222222222!
2019/03/08 10:49:49 [info] 12424: 监听80端口成功!
2019/03/08 10:49:49 [info] 12424: 监听443端口成功!
2019/03/08 10:49:49 [stderr] 12424: nginx: mysql 数据库初始化成功
2019/03/08 10:49:49 [notice] 12448: master process ./nginx 12448 【master进程】启动并开始运行......!
2019/03/08 10:49:50 [notice] 12452: worker process 12452 【worker进程】启动并开始运行......!
2019/03/08 10:49:50 [notice] 12451: worker process 12451 【worker进程】启动并开始运行......!
2019/03/08 10:49:50 [notice] 12450: worker process 12450 【worker进程】启动并开始运行......!
2019/03/08 10:49:50 [notice] 12449: worker process 12449 【worker进程】启动并开始运行......!
2019/03/08 10:49:57 [stderr] 12451: nginx: 1111111111111111111111111111111111111111111111111111111111111!
2019/03/08 10:49:57 [stderr] 12451: nginx: 222222222222!
2019/03/08 10:49:57 [stderr] 12451: nginx: 7777777!
2019/03/08 10:51:15 [info] 12544: 监听80端口成功!
2019/03/08 10:51:15 [info] 12544: 监听443端口成功!
2019/03/08 10:51:15 [stderr] 12544: nginx: mysql 数据库初始化成功
2019/03/08 10:51:15 [notice] 12568: master process ./nginx 12568 【master进程】启动并开始运行......!
2019/03/08 10:51:16 [notice] 12572: worker process 12572 【worker进程】启动并开始运行......!
2019/03/08 10:51:16 [notice] 12571: worker process 12571 【worker进程】启动并开始运行......!
2019/03/08 10:51:16 [notice] 12570: worker process 12570 【worker进程】启动并开始运行......!
2019/03/08 10:51:16 [notice] 12569: worker process 12569 【worker进程】启动并开始运行......!
2019/03/08 10:51:16 [stderr] 12569: nginx: 888888!
2019/03/08 10:51:16 [stderr] 12570: nginx: 888888!
2019/03/08 10:51:16 [stderr] 12571: nginx: 888888!
2019/03/08 10:51:16 [stderr] 12572: nginx: 888888!
2019/03/08 10:53:38 [stderr] 12569: nginx: 1111111111111111111111111111111111111111111111111111111111111!
2019/03/08 10:53:38 [stderr] 12569: nginx: 222222222222!
2019/03/08 10:53:38 [stderr] 12569: nginx: 7777777!
2019/03/08 11:26:01 [info] 12694: 监听80端口成功!
2019/03/08 11:26:01 [info] 12694: 监听443端口成功!
2019/03/08 11:26:01 [stderr] 12694: nginx: mysql 数据库初始化成功
2019/03/08 11:26:01 [notice] 12718: master process ./nginx 12718 【master进程】启动并开始运行......!
2019/03/08 11:26:02 [notice] 12722: worker process 12722 【worker进程】启动并开始运行......!
2019/03/08 11:26:02 [notice] 12721: worker process 12721 【worker进程】启动并开始运行......!
2019/03/08 11:26:02 [notice] 12720: worker process 12720 【worker进程】启动并开始运行......!
2019/03/08 11:26:02 [notice] 12719: worker process 12719 【worker进程】启动并开始运行......!
2019/03/08 11:26:02 [stderr] 12719: nginx: 888888!
2019/03/08 11:26:02 [stderr] 12719: nginx: 999999!
2019/03/08 11:26:02 [stderr] 12720: nginx: 888888!
2019/03/08 11:26:02 [stderr] 12720: nginx: 999999!
2019/03/08 11:26:02 [stderr] 12721: nginx: 888888!
2019/03/08 11:26:02 [stderr] 12721: nginx: 999999!
2019/03/08 11:26:02 [stderr] 12722: nginx: 888888!
2019/03/08 11:26:02 [stderr] 12722: nginx: 999999!
2019/03/08 11:27:44 [stderr] 12719: nginx: 1111111111111111111111111111111111111111111111111111111111111!
2019/03/08 11:27:44 [stderr] 12719: nginx: 222222222222!
2019/03/08 11:27:44 [stderr] 12719: nginx: 7777777!
2019/03/08 11:27:51 [stderr] 12719: nginx: 1111111111111111111111111111111111111111111111111111111111111!
2019/03/08 11:27:51 [stderr] 12719: nginx: 222222222222!
2019/03/08 11:27:51 [stderr] 12719: nginx: 7777777!
2019/03/08 11:27:54 [stderr] 12719: nginx: 1111111111111111111111111111111111111111111111111111111111111!
2019/03/08 11:27:54 [stderr] 12719: nginx: 222222222222!
2019/03/08 11:27:54 [stderr] 12719: nginx: 7777777!
2019/03/08 11:27:56 [stderr] 12719: nginx: 1111111111111111111111111111111111111111111111111111111111111!
2019/03/08 11:27:56 [stderr] 12719: nginx: 222222222222!
2019/03/08 11:27:56 [stderr] 12719: nginx: 7777777!
2019/03/08 11:29:49 [info] 12818: 监听80端口成功!
2019/03/08 11:29:49 [info] 12818: 监听443端口成功!
2019/03/08 11:29:49 [stderr] 12818: nginx: mysql 数据库初始化成功
2019/03/08 11:29:49 [notice] 12842: master process ./nginx 12842 【master进程】启动并开始运行......!
2019/03/08 11:29:50 [notice] 12846: worker process 12846 【worker进程】启动并开始运行......!
2019/03/08 11:29:50 [notice] 12845: worker process 12845 【worker进程】启动并开始运行......!
2019/03/08 11:29:50 [notice] 12844: worker process 12844 【worker进程】启动并开始运行......!
2019/03/08 11:29:50 [notice] 12843: worker process 12843 【worker进程】启动并开始运行......!
2019/03/08 11:29:50 [stderr] 12843: nginx: 888888!
2019/03/08 11:29:50 [stderr] 12843: nginx: 999999!
2019/03/08 11:29:50 [stderr] 12844: nginx: 888888!
2019/03/08 11:29:50 [stderr] 12844: nginx: 999999!
2019/03/08 11:29:50 [stderr] 12845: nginx: 888888!
2019/03/08 11:29:50 [stderr] 12845: nginx: 999999!
2019/03/08 11:29:50 [stderr] 12846: nginx: 888888!
2019/03/08 11:29:50 [stderr] 12846: nginx: 999999!
2019/03/08 11:30:00 [stderr] 12845: nginx: 1111111111111111111111111111111111111111111111111111111111111!
2019/03/08 11:30:00 [stderr] 12845: nginx: 222222222222!
2019/03/08 11:30:00 [stderr] 12845: nginx: 7777777!
2019/03/08 11:30:00 [stderr] 12845: nginx: bbbbbbbbb!
2019/03/08 11:31:30 [info] 12992: 监听80端口成功!
2019/03/08 11:31:30 [info] 12992: 监听443端口成功!
2019/03/08 11:31:30 [stderr] 12992: nginx: mysql 数据库初始化成功
2019/03/08 11:31:30 [notice] 13016: master process ./nginx 13016 【master进程】启动并开始运行......!
2019/03/08 11:31:31 [notice] 13020: worker process 13020 【worker进程】启动并开始运行......!
2019/03/08 11:31:31 [notice] 13019: worker process 13019 【worker进程】启动并开始运行......!
2019/03/08 11:31:31 [notice] 13018: worker process 13018 【worker进程】启动并开始运行......!
2019/03/08 11:31:31 [notice] 13017: worker process 13017 【worker进程】启动并开始运行......!
2019/03/08 11:31:31 [stderr] 13017: nginx: 888888!
2019/03/08 11:31:31 [stderr] 13017: nginx: 999999!
2019/03/08 11:31:31 [stderr] 13018: nginx: 888888!
2019/03/08 11:31:31 [stderr] 13018: nginx: 999999!
2019/03/08 11:31:31 [stderr] 13019: nginx: 888888!
2019/03/08 11:31:31 [stderr] 13019: nginx: 999999!
2019/03/08 11:31:31 [stderr] 13020: nginx: 888888!
2019/03/08 11:31:31 [stderr] 13020: nginx: 999999!
2019/03/08 11:31:43 [stderr] 13017: nginx: 1111111111111111111111111111111111111111111111111111111111111!
2019/03/08 11:31:43 [stderr] 13017: nginx: 222222222222!
2019/03/08 11:31:43 [stderr] 13017: nginx: 7777777!
2019/03/08 11:43:47 [info] 13348: 监听80端口成功!
2019/03/08 11:43:47 [info] 13348: 监听443端口成功!
2019/03/08 11:43:47 [stderr] 13348: nginx: mysql 数据库初始化成功
2019/03/08 11:43:47 [notice] 13372: master process ./nginx 13372 【master进程】启动并开始运行......!
2019/03/08 11:43:48 [notice] 13376: worker process 13376 【worker进程】启动并开始运行......!
2019/03/08 11:43:48 [notice] 13375: worker process 13375 【worker进程】启动并开始运行......!
2019/03/08 11:43:48 [notice] 13374: worker process 13374 【worker进程】启动并开始运行......!
2019/03/08 11:43:48 [notice] 13373: worker process 13373 【worker进程】启动并开始运行......!
2019/03/08 11:43:48 [stderr] 13373: nginx: 888888!
2019/03/08 11:43:48 [stderr] 13373: nginx: 999999!
2019/03/08 11:43:48 [stderr] 13374: nginx: 888888!
2019/03/08 11:43:48 [stderr] 13374: nginx: 999999!
2019/03/08 11:43:48 [stderr] 13375: nginx: 888888!
2019/03/08 11:43:48 [stderr] 13375: nginx: 999999!
2019/03/08 11:43:48 [stderr] 13376: nginx: 888888!
2019/03/08 11:43:48 [stderr] 13376: nginx: 999999!
2019/03/08 11:43:56 [stderr] 13375: nginx: 1111111111111111111111111111111111111111111111111111111111111!
2019/03/08 11:43:56 [stderr] 13375: nginx: 222222222222!
2019/03/08 11:43:56 [stderr] 13375: nginx: 7777777!
2019/03/08 11:43:56 [stderr] 13375: nginx: aaaaa!
2019/03/08 11:43:56 [stderr] 13375: nginx: 3333333!
2019/03/08 11:43:56 [stderr] 13375: nginx: 44444444!
2019/03/08 11:43:56 [stderr] 13375: nginx: 55555555!
2019/03/08 11:43:56 [stderr] 13375: nginx: 即将发送数据65008。
2019/03/08 11:43:56 [stderr] 13375: nginx: CSocekt::ServerSendQueueThread()中数据没发送完毕【发送缓冲区满】，整个要发送18412，实际发送了46596。
2019/03/08 11:43:56 [stderr] 13375: nginx: 999999!
2019/03/08 11:43:56 [stderr] 13375: nginx: CSocekt::ngx_write_request_handler()中数据发送完毕，很好。
2019/03/08 11:43:56 [stderr] 13375: nginx: aaaaa!
2019/03/08 11:43:56 [stderr] 13375: nginx: 999999!
2019/03/08 11:44:01 [stderr] 13375: nginx: 1111111111111111111111111111111111111111111111111111111111111!
2019/03/08 11:44:01 [stderr] 13375: nginx: 222222222222!
2019/03/08 11:44:01 [stderr] 13375: nginx: 7777777!
2019/03/08 11:44:01 [stderr] 13375: nginx: aaaaa!
2019/03/08 11:44:01 [stderr] 13375: nginx: 3333333!
2019/03/08 11:44:01 [stderr] 13375: nginx: 44444444!
2019/03/08 11:44:01 [stderr] 13375: nginx: 55555555!
2019/03/08 11:44:01 [stderr] 13375: nginx: 即将发送数据65008。
2019/03/08 11:44:01 [stderr] 13375: nginx: CSocekt::ServerSendQueueThread()中数据发送完毕，很好。
2019/03/08 11:44:01 [stderr] 13375: nginx: 999999!
2019/03/12 14:45:15 [stderr] 29589: nginx: 配置文件[nginx.conf]载入失败，退出!
2019/03/12 14:45:15 [stderr] 29589: nginx: 程序退出，再见了!
2019/03/12 14:45:34 [info] 29593: 监听80端口成功!
2019/03/12 14:45:34 [info] 29593: 监听443端口成功!
2019/03/12 14:45:34 [stderr] 29593: nginx: mysql 数据库初始化成功
2019/03/12 14:45:34 [notice] 29595: Gatewaymaster process /home/share/mysever/nginx/nginx/home/share/mysever/nginx/logic/GatewayServer 29595 【master进程】启动并开始运行......!
2019/03/12 14:45:35 [notice] 29597: Gatewayworker process 29597 【worker进程】启动并开始运行......!
2019/03/12 14:45:35 [stderr] 29597: nginx: gatawayserver connect loginserver
2019/03/12 14:45:35 [notice] 29596: Gatewayworker process 29596 【worker进程】启动并开始运行......!
2019/03/12 14:45:35 [stderr] 29596: nginx: gatawayserver connect loginserver
2019/03/12 14:45:35 [stderr] 29596: nginx: 重连线程
2019/03/12 14:45:35 [stderr] 29596: nginx: 开始重连
2019/03/12 14:45:35 [stderr] 29597: nginx: 重连线程
2019/03/12 14:45:35 [stderr] 29597: nginx: 开始重连
2019/03/12 14:45:40 [stderr] 29596: nginx: 重连线程
2019/03/12 14:45:40 [stderr] 29596: nginx: 开始重连
2019/03/12 14:45:40 [stderr] 29597: nginx: 重连线程
2019/03/12 14:45:40 [stderr] 29597: nginx: 开始重连
2019/03/12 14:45:45 [stderr] 29596: nginx: 重连线程
2019/03/12 14:45:45 [stderr] 29596: nginx: 开始重连
2019/03/12 14:45:45 [stderr] 29597: nginx: 重连线程
2019/03/12 14:45:45 [stderr] 29597: nginx: 开始重连
2019/03/12 14:45:50 [stderr] 29596: nginx: 重连线程
2019/03/12 14:45:50 [stderr] 29596: nginx: 开始重连
2019/03/12 14:45:50 [stderr] 29597: nginx: 重连线程
2019/03/12 14:45:50 [stderr] 29597: nginx: 开始重连
2019/03/12 14:45:55 [stderr] 29596: nginx: 重连线程
2019/03/12 14:45:55 [stderr] 29597: nginx: 重连线程
2019/03/12 14:45:58 [stderr] 29596: nginx: 接收到一个连接！！！,连接ip：180.157.238.127;连接port：59715

2019/03/12 14:46:00 [stderr] 29596: nginx: 重连线程
2019/03/12 14:46:00 [stderr] 29597: nginx: 重连线程
2019/03/12 14:46:01 [stderr] 29596: nginx: CLogicSocket::threadRecvProcFunc()sServerType=1消息码不对!
2019/03/12 14:46:01 [notice] 29595: signal 17 (SIGCHLD) received from 29596
2019/03/12 14:46:01 [alert] 29595: pid = 29596 exited on signal 11!
2019/03/12 14:46:05 [stderr] 29597: nginx: 重连线程
2019/03/12 14:46:10 [stderr] 29597: nginx: 重连线程
2019/03/12 14:46:15 [stderr] 29597: nginx: 重连线程
2019/03/12 14:46:20 [stderr] 29597: nginx: 重连线程
2019/03/12 14:46:25 [stderr] 29597: nginx: 重连线程
2019/03/12 14:46:30 [stderr] 29597: nginx: 重连线程
2019/03/12 14:46:35 [stderr] 29597: nginx: 重连线程
2019/03/12 14:46:40 [stderr] 29597: nginx: 重连线程
2019/03/12 14:46:45 [stderr] 29597: nginx: 重连线程
2019/03/12 14:52:00 [info] 29649: 监听80端口成功!
2019/03/12 14:52:00 [info] 29649: 监听443端口成功!
2019/03/12 14:52:00 [stderr] 29649: nginx: mysql 数据库初始化成功
2019/03/12 14:52:00 [notice] 29654: Gatewaymaster process /home/share/mysever/nginx/nginx/home/share/mysever/nginx/logic/GatewayServer 29654 【master进程】启动并开始运行......!
2019/03/12 14:52:01 [notice] 29656: Gatewayworker process 29656 【worker进程】启动并开始运行......!
2019/03/12 14:52:01 [stderr] 29656: nginx: gatawayserver connect loginserver
2019/03/12 14:52:01 [stderr] 29656: nginx: 重连线程
2019/03/12 14:52:01 [notice] 29655: Gatewayworker process 29655 【worker进程】启动并开始运行......!
2019/03/12 14:52:01 [stderr] 29655: nginx: gatawayserver connect loginserver
2019/03/12 14:52:01 [stderr] 29655: nginx: 重连线程
2019/03/12 14:52:06 [stderr] 29656: nginx: 重连线程
2019/03/12 14:52:06 [stderr] 29655: nginx: 重连线程
2019/03/12 14:52:10 [stderr] 29656: nginx: 接收到一个连接！！！,连接ip：180.157.238.127;连接port：59946

2019/03/12 14:52:11 [stderr] 29656: nginx: 重连线程
2019/03/12 14:52:11 [stderr] 29655: nginx: 重连线程
2019/03/12 14:52:13 [stderr] 29656: nginx: CLogicSocket::threadRecvProcFunc()sServerType=1消息码不对!
2019/03/12 14:52:13 [notice] 29654: signal 17 (SIGCHLD) received from 29656
2019/03/12 14:52:13 [alert] 29654: pid = 29656 exited on signal 11!
2019/03/12 14:52:16 [stderr] 29655: nginx: 重连线程
2019/03/12 14:52:21 [stderr] 29655: nginx: 重连线程
2019/03/12 14:52:26 [stderr] 29655: nginx: 重连线程
2019/03/12 14:52:31 [stderr] 29655: nginx: 接收到一个连接！！！,连接ip：180.157.238.127;连接port：59955

2019/03/12 14:52:31 [stderr] 29655: nginx: 重连线程
2019/03/12 14:52:33 [stderr] 29655: nginx: CLogicSocket::threadRecvProcFunc()sServerType=1消息码不对!
2019/03/12 14:54:55 [notice] 29654: signal 17 (SIGCHLD) received from 29655
2019/03/12 14:54:55 [alert] 29654: pid = 29655 exited on signal 9!
2019/03/12 15:57:18 [info] 31113: 监听80端口成功!
2019/03/12 15:57:18 [info] 31113: 监听443端口成功!
2019/03/12 15:57:18 [stderr] 31113: nginx: mysql 数据库初始化成功
2019/03/12 15:57:18 [notice] 31118: Gatewaymaster process /home/share/mysever/nginx/nginx/home/share/mysever/nginx/logic/GatewayServer 31118 【master进程】启动并开始运行......!
2019/03/12 15:57:19 [notice] 31120: Gatewayworker process 31120 【worker进程】启动并开始运行......!
2019/03/12 15:57:19 [stderr] 31120: nginx: gatawayserver connect loginserver
2019/03/12 15:57:19 [notice] 31119: Gatewayworker process 31119 【worker进程】启动并开始运行......!
2019/03/12 15:57:19 [stderr] 31119: nginx: gatawayserver connect loginserver
2019/03/12 15:57:19 [stderr] 31119: nginx: 重连线程
2019/03/12 15:57:19 [stderr] 31120: nginx: 重连线程
2019/03/12 15:57:24 [stderr] 31119: nginx: 重连线程
2019/03/12 15:57:24 [stderr] 31120: nginx: 重连线程
2019/03/12 15:57:26 [stderr] 31120: nginx: 接收到一个连接！！！,连接ip：180.157.238.127;连接port：62150

2019/03/12 15:57:28 [stderr] 31120: nginx: CLogicSocket::threadRecvProcFunc()sServerType=1消息码不对!
2019/03/12 15:57:28 [stderr] 31120: nginx: 1111111111111111111111111111111111111111111111111111111111111!

2019/03/12 15:57:28 [stderr] 31120: nginx: iSendLen:8!

2019/03/12 15:57:28 [stderr] 31120: nginx: 2222222222222222222222222222222222!

2019/03/12 15:57:28 [stderr] 31120: nginx: 3333333333333333333333333333333!pMypkHeader->sServerType:1

2019/03/12 15:57:28 [stderr] 31120: nginx: 44444444444444444444444444444!

2019/03/12 15:57:28 [stderr] 31120: nginx: m_childServerConnectListsize:1!

2019/03/12 15:57:28 [stderr] 31120: nginx: _conn->servertype:1!

2019/03/12 15:57:28 [stderr] 31120: nginx: _conn->fd:9!

2019/03/12 15:57:28 [notice] 31118: signal 17 (SIGCHLD) received from 31120
2019/03/12 15:57:28 [alert] 31118: pid = 31120 exited on signal 11!
2019/03/12 15:57:29 [stderr] 31119: nginx: 重连线程
2019/03/12 15:57:34 [stderr] 31119: nginx: 重连线程
2019/03/12 15:57:36 [stderr] 31119: nginx: 接收到一个连接！！！,连接ip：180.157.238.127;连接port：62155

2019/03/12 15:57:37 [stderr] 31119: nginx: CLogicSocket::threadRecvProcFunc()sServerType=1消息码不对!
2019/03/12 15:57:37 [stderr] 31119: nginx: 1111111111111111111111111111111111111111111111111111111111111!

2019/03/12 15:57:37 [stderr] 31119: nginx: iSendLen:8!

2019/03/12 15:57:37 [stderr] 31119: nginx: 2222222222222222222222222222222222!

2019/03/12 15:57:37 [stderr] 31119: nginx: 3333333333333333333333333333333!pMypkHeader->sServerType:1

2019/03/12 15:57:37 [stderr] 31119: nginx: 44444444444444444444444444444!

2019/03/12 15:57:37 [stderr] 31119: nginx: m_childServerConnectListsize:1!

2019/03/12 15:57:37 [stderr] 31119: nginx: _conn->servertype:1!

2019/03/12 15:57:37 [stderr] 31119: nginx: _conn->fd:9!

2019/03/12 15:57:37 [notice] 31118: signal 17 (SIGCHLD) received from 31119
2019/03/12 15:57:37 [alert] 31118: pid = 31119 exited on signal 11!
2019/03/12 15:58:37 [stderr] 31135: nginx: CSocekt::Initialize()中bind()失败,i=0. (98: Address already in use) 
2019/03/12 15:58:37 [stderr] 31135: nginx: 程序退出，再见了!
2019/03/12 15:59:57 [stderr] 31140: nginx: CSocekt::Initialize()中bind()失败,i=0. (98: Address already in use) 
2019/03/12 15:59:57 [stderr] 31140: nginx: 程序退出，再见了!
2019/03/12 16:01:26 [info] 31150: 监听80端口成功!
2019/03/12 16:01:26 [info] 31150: 监听443端口成功!
2019/03/12 16:01:26 [stderr] 31150: nginx: mysql 数据库初始化成功
2019/03/12 16:01:26 [notice] 31155: Gatewaymaster process /home/share/mysever/nginx/nginx/home/share/mysever/nginx/logic/GatewayServer 31155 【master进程】启动并开始运行......!
2019/03/12 16:01:28 [notice] 31157: Gatewayworker process 31157 【worker进程】启动并开始运行......!
2019/03/12 16:01:28 [stderr] 31157: nginx: gatawayserver connect loginserver
2019/03/12 16:01:28 [stderr] 31157: nginx: 重连线程
2019/03/12 16:01:28 [notice] 31156: Gatewayworker process 31156 【worker进程】启动并开始运行......!
2019/03/12 16:01:28 [stderr] 31156: nginx: gatawayserver connect loginserver
2019/03/12 16:01:28 [stderr] 31156: nginx: 重连线程
2019/03/12 16:01:33 [stderr] 31157: nginx: 重连线程
2019/03/12 16:01:33 [stderr] 31156: nginx: 重连线程
2019/03/12 16:01:35 [stderr] 31157: nginx: 接收到一个连接！！！,连接ip：180.157.238.127;连接port：62269

2019/03/12 16:01:36 [stderr] 31157: nginx: CLogicSocket::threadRecvProcFunc()sServerType=1消息码不对!
2019/03/12 16:01:36 [stderr] 31157: nginx: 1111111111111111111111111111111111111111111111111111111111111!

2019/03/12 16:01:36 [stderr] 31157: nginx: iSendLen:8!

2019/03/12 16:01:36 [stderr] 31157: nginx: 2222222222222222222222222222222222!

2019/03/12 16:01:36 [stderr] 31157: nginx: 3333333333333333333333333333333!pMypkHeader->sServerType:1

2019/03/12 16:01:36 [stderr] 31157: nginx: 44444444444444444444444444444!

2019/03/12 16:01:36 [stderr] 31157: nginx: m_childServerConnectListsize:1!

2019/03/12 16:01:36 [stderr] 31157: nginx: _conn->servertype:1!

2019/03/12 16:01:36 [stderr] 31157: nginx: _conn->fd:9!

2019/03/12 16:01:36 [notice] 31155: signal 17 (SIGCHLD) received from 31157
2019/03/12 16:01:36 [alert] 31155: pid = 31157 exited on signal 11!
2019/03/12 16:01:38 [stderr] 31156: nginx: 重连线程
2019/03/12 16:01:43 [stderr] 31156: nginx: 重连线程
2019/03/12 16:01:45 [stderr] 31156: nginx: 接收到一个连接！！！,连接ip：180.157.238.127;连接port：62271

2019/03/12 16:01:47 [stderr] 31156: nginx: CLogicSocket::threadRecvProcFunc()sServerType=1消息码不对!
2019/03/12 16:01:47 [stderr] 31156: nginx: 1111111111111111111111111111111111111111111111111111111111111!

2019/03/12 16:01:47 [stderr] 31156: nginx: iSendLen:8!

2019/03/12 16:01:47 [stderr] 31156: nginx: 2222222222222222222222222222222222!

2019/03/12 16:01:47 [stderr] 31156: nginx: 3333333333333333333333333333333!pMypkHeader->sServerType:1

2019/03/12 16:01:47 [stderr] 31156: nginx: 44444444444444444444444444444!

2019/03/12 16:01:47 [stderr] 31156: nginx: m_childServerConnectListsize:1!

2019/03/12 16:01:47 [stderr] 31156: nginx: _conn->servertype:1!

2019/03/12 16:01:47 [stderr] 31156: nginx: _conn->fd:9!

2019/03/12 16:05:56 [notice] 31155: signal 17 (SIGCHLD) received from 31156
2019/03/12 16:05:56 [alert] 31155: pid = 31156 exited on signal 9!
