2019/03/12 17:29:53 [info] 935: 监听10029端口成功!
2019/03/12 17:29:53 [stderr] 935: nginx: mysql 数据库初始化成功
2019/03/12 17:29:53 [notice] 940: LoginServermaster process ../../nginx./ 940 【master进程】启动并开始运行......!
2019/03/12 17:29:55 [notice] 957: LoginServerworker process 957 【worker进程】启动并开始运行......!
2019/03/12 17:30:00 [stderr] 957: nginx: 接收到一个连接！！！,连接ip：127.0.0.1;连接port：34456

2019/03/12 17:30:00 [stderr] 957: nginx: 接收到一个连接！！！,连接ip：127.0.0.1;连接port：34458

2019/03/12 17:30:19 [stderr] 957: nginx: aaaaaaaaaaaaaaaaaaaaaaaaaaaaaaa!

2019/03/12 17:30:19 [stderr] 957: nginx: CLogicSocket::threadRecvProcFunc()sServerType=2消息码不对!
2019/03/12 17:30:19 [stderr] 957: nginx: 即将发送数据65015。
2019/03/12 17:30:19 [stderr] 957: nginx: 接收到一个连接！！！,连接ip：127.0.0.1;连接port：34456

2019/03/12 17:30:19 [stderr] 957: nginx: 接收到一个连接！！！,连接ip：0.0.0.0;连接port：0

2019/03/12 17:30:19 [stderr] 957: nginx: CSocekt::ServerSendQueueThread()中数据发送完毕，很好。
2019/03/12 18:01:28 [info] 1172: 监听10029端口成功!
2019/03/12 18:01:28 [stderr] 1172: nginx: mysql 数据库初始化成功
2019/03/12 18:01:28 [notice] 1174: LoginServermaster process ../../nginx./ 1174 【master进程】启动并开始运行......!
2019/03/12 18:01:30 [notice] 1175: LoginServerworker process 1175 【worker进程】启动并开始运行......!
2019/03/12 18:01:34 [stderr] 1175: nginx: 接收到一个连接！！！,连接ip：127.0.0.1;连接port：34508

2019/03/12 18:01:34 [stderr] 1175: nginx: 接收到一个连接！！！,连接ip：127.0.0.1;连接port：34510

2019/03/12 18:01:40 [stderr] 1175: nginx: aaaaaaaaaaaaaaaaaaaaaaaaaaaaaaa!

2019/03/12 18:01:40 [stderr] 1175: nginx: CLogicSocket::threadRecvProcFunc()sServerType=2消息码不对!
2019/03/12 18:01:40 [stderr] 1175: nginx: 即将发送数据65015。
2019/03/12 18:01:40 [stderr] 1175: nginx: 接收到一个连接！！！,连接ip：127.0.0.1;连接port：34510

2019/03/12 18:01:40 [stderr] 1175: nginx: 接收到一个连接！！！,连接ip：0.0.0.0;连接port：0

2019/03/12 18:01:40 [stderr] 1175: nginx: CSocekt::ServerSendQueueThread()中数据发送完毕，很好。
2019/03/12 18:17:55 [stderr] 1175: nginx: 连接断开
2019/03/12 18:17:55 [stderr] 1175: nginx: 连接断开
2019/03/12 18:18:07 [info] 1330: 监听10029端口成功!
2019/03/12 18:18:07 [stderr] 1330: nginx: mysql 数据库初始化成功
2019/03/12 18:18:07 [notice] 1332: LoginServermaster process ../../nginx./ 1332 【master进程】启动并开始运行......!
2019/03/12 18:18:08 [notice] 1333: LoginServerworker process 1333 【worker进程】启动并开始运行......!
2019/03/12 18:18:13 [stderr] 1333: nginx: CSocekt::ngx_epoll_oper_event()中epoll_ctl(8,1,8193,0)失败. (17: File exists) 
2019/03/12 18:18:13 [stderr] 1333: nginx: 接收到一个连接！！！,连接ip：127.0.0.1;连接port：34530

2019/03/12 18:18:13 [stderr] 1333: nginx: 接收到一个连接！！！,连接ip：127.0.0.1;连接port：34532

2019/03/12 18:25:10 [info] 1520: 监听10029端口成功!
2019/03/12 18:25:10 [stderr] 1520: nginx: mysql 数据库初始化成功
2019/03/12 18:25:10 [notice] 1522: LoginServermaster process ../../nginx./ 1522 【master进程】启动并开始运行......!
2019/03/12 18:25:12 [notice] 1523: LoginServerworker process 1523 【worker进程】启动并开始运行......!
2019/03/12 18:25:16 [stderr] 1523: nginx: 接收到一个连接！！！,连接ip：127.0.0.1;连接port：34556

2019/03/12 18:25:16 [stderr] 1523: nginx: 接收到一个连接！！！,连接ip：127.0.0.1;连接port：34558

2019/03/12 18:25:35 [stderr] 1523: nginx: aaaaaaaaaaaaaaaaaaaaaaaaaaaaaaa!

2019/03/12 18:25:35 [stderr] 1523: nginx: CLogicSocket::threadRecvProcFunc()sServerType=2消息码不对!
2019/03/12 18:25:35 [stderr] 1523: nginx: m_childServerConnectListsize:1!

2019/03/12 18:25:35 [stderr] 1523: nginx: _conn->servertype:1!

2019/03/12 18:25:35 [stderr] 1523: nginx: _conn->aaaaaaaaaaaaaaaaaaaaaa!

2019/03/12 18:25:35 [notice] 1522: signal 17 (SIGCHLD) received from 1523
2019/03/12 18:25:35 [alert] 1522: pid = 1523 exited on signal 11!
2019/03/12 18:28:18 [info] 1630: 监听10029端口成功!
2019/03/12 18:28:18 [stderr] 1630: nginx: mysql 数据库初始化成功
2019/03/12 18:28:18 [notice] 1632: LoginServermaster process ../../nginx./ 1632 【master进程】启动并开始运行......!
2019/03/12 18:28:20 [notice] 1633: LoginServerworker process 1633 【worker进程】启动并开始运行......!
2019/03/12 18:28:26 [stderr] 1633: nginx: 接收到一个连接！！！,连接ip：127.0.0.1;连接port：34588

2019/03/12 18:28:26 [stderr] 1633: nginx: 接收到一个连接！！！,连接ip：127.0.0.1;连接port：34590

2019/03/12 18:28:39 [stderr] 1633: nginx: aaaaaaaaaaaaaaaaaaaaaaaaaaaaaaa!

2019/03/12 18:28:39 [stderr] 1633: nginx: CLogicSocket::threadRecvProcFunc()sServerType=2消息码不对!
2019/03/12 18:28:39 [stderr] 1633: nginx: m_childServerConnectListsize:1!

2019/03/12 18:28:39 [stderr] 1633: nginx: _conn->servertype:1!

2019/03/12 18:28:39 [stderr] 1633: nginx: _conn->fd:10!

2019/03/12 18:28:39 [stderr] 1633: nginx: 即将发送数据65015。
2019/03/12 18:28:39 [stderr] 1633: nginx: 接收到一个连接！！！,连接ip：0.0.0.0;连接port：0

2019/03/12 18:28:39 [stderr] 1633: nginx: 接收到一个连接！！！,连接ip：127.0.0.1;连接port：443

2019/03/12 18:28:39 [stderr] 1633: nginx: CSocekt::ServerSendQueueThread()中数据发送完毕，很好。
2019/03/12 18:32:54 [info] 1744: 监听10029端口成功!
2019/03/12 18:32:54 [stderr] 1744: nginx: mysql 数据库初始化成功
2019/03/12 18:32:54 [notice] 1746: LoginServermaster process ../../nginx./ 1746 【master进程】启动并开始运行......!
2019/03/12 18:32:55 [notice] 1747: LoginServerworker process 1747 【worker进程】启动并开始运行......!
2019/03/12 18:32:59 [stderr] 1747: nginx: 接收到一个连接！！！,连接ip：127.0.0.1;连接port：34606

2019/03/12 18:32:59 [stderr] 1747: nginx: 接收到一个连接！！！,连接ip：127.0.0.1;连接port：34608

2019/03/12 18:33:21 [stderr] 1747: nginx: aaaaaaaaaaaaaaaaaaaaaaaaaaaaaaa!

2019/03/12 18:33:21 [stderr] 1747: nginx: CLogicSocket::threadRecvProcFunc()sServerType=2消息码不对!
2019/03/12 18:33:21 [stderr] 1747: nginx: m_childServerConnectListsize:1!

2019/03/12 18:33:21 [stderr] 1747: nginx: _conn->servertype:1!

2019/03/12 18:33:21 [stderr] 1747: nginx: _conn->fd:12!

2019/03/12 18:33:21 [stderr] 1747: nginx: 即将发送数据65015。
2019/03/12 18:33:21 [stderr] 1747: nginx: 接收到一个连接！！！,连接ip：0.0.0.0;连接port：0

2019/03/12 18:33:21 [stderr] 1747: nginx: 接收到一个连接！！！,连接ip：127.0.0.1;连接port：80

2019/03/12 18:33:21 [stderr] 1747: nginx: CSocekt::ServerSendQueueThread()中数据发送完毕，很好。
2019/03/12 18:38:47 [info] 1862: 监听10029端口成功!
2019/03/12 18:38:47 [stderr] 1862: nginx: mysql 数据库初始化成功
2019/03/12 18:38:47 [notice] 1864: LoginServermaster process ../../nginx./ 1864 【master进程】启动并开始运行......!
2019/03/12 18:38:48 [notice] 1865: LoginServerworker process 1865 【worker进程】启动并开始运行......!
2019/03/12 18:38:52 [stderr] 1865: nginx: 接收到一个连接！！！,连接ip：127.0.0.1;连接port：34624

2019/03/12 18:38:52 [stderr] 1865: nginx: 接收到一个连接！！！,连接ip：127.0.0.1;连接port：34626

2019/03/12 18:38:58 [stderr] 1865: nginx: aaaaaaaaaaaaaaaaaaaaaaaaaaaaaaa!

2019/03/12 18:38:58 [stderr] 1865: nginx: CLogicSocket::threadRecvProcFunc()sServerType=2消息码不对!
2019/03/12 18:38:58 [stderr] 1865: nginx: m_childServerConnectListsize:1!

2019/03/12 18:38:58 [stderr] 1865: nginx: _conn->servertype:1!

2019/03/12 18:38:58 [stderr] 1865: nginx: _conn->fd:12!

2019/03/12 18:38:58 [stderr] 1865: nginx: 即将发送数据205。
2019/03/12 18:38:58 [stderr] 1865: nginx: 接收到一个连接！！！,连接ip：0.0.0.0;连接port：0

2019/03/12 18:38:58 [stderr] 1865: nginx: 接收到一个连接！！！,连接ip：127.0.0.1;连接port：80

2019/03/12 18:38:58 [stderr] 1865: nginx: CSocekt::ServerSendQueueThread()中数据发送完毕，很好。
2019/03/12 18:48:48 [info] 2080: 监听10029端口成功!
2019/03/12 18:48:48 [stderr] 2080: nginx: mysql 数据库初始化成功
2019/03/12 18:48:48 [notice] 2082: LoginServermaster process ../../nginx./ 2082 【master进程】启动并开始运行......!
2019/03/12 18:48:49 [notice] 2083: LoginServerworker process 2083 【worker进程】启动并开始运行......!
2019/03/12 18:48:53 [stderr] 2083: nginx: 接收到一个连接！！！,连接ip：127.0.0.1;连接port：34640

2019/03/12 18:48:53 [stderr] 2083: nginx: 接收到一个连接！！！,连接ip：127.0.0.1;连接port：34642

2019/03/12 18:49:01 [stderr] 2083: nginx: aaaaaaaaaaaaaaaaaaaaaaaaaaaaaaa!

2019/03/12 18:49:01 [stderr] 2083: nginx: CLogicSocket::threadRecvProcFunc()sServerType=2消息码不对!
2019/03/12 18:49:01 [stderr] 2083: nginx: 即将发送数据64015。
2019/03/12 18:49:01 [stderr] 2083: nginx: 接收到一个连接！！！,连接ip：127.0.0.1;连接port：34640

2019/03/12 18:49:01 [stderr] 2083: nginx: 接收到一个连接！！！,连接ip：0.0.0.0;连接port：0

2019/03/12 18:49:01 [stderr] 2083: nginx: CSocekt::ServerSendQueueThread()中数据发送完毕，很好。
2019/03/12 18:49:49 [stderr] 2083: nginx: 连接断开
2019/03/12 18:49:49 [stderr] 2083: nginx: 连接断开
2019/03/12 18:50:15 [info] 2184: 监听10029端口成功!
2019/03/12 18:50:15 [stderr] 2184: nginx: mysql 数据库初始化成功
2019/03/12 18:50:15 [notice] 2186: LoginServermaster process ../../nginx./ 2186 【master进程】启动并开始运行......!
2019/03/12 18:50:16 [notice] 2187: LoginServerworker process 2187 【worker进程】启动并开始运行......!
2019/03/12 18:50:20 [stderr] 2187: nginx: 接收到一个连接！！！,连接ip：127.0.0.1;连接port：34664

2019/03/12 18:50:20 [stderr] 2187: nginx: 接收到一个连接！！！,连接ip：127.0.0.1;连接port：34666

2019/03/12 18:50:25 [stderr] 2187: nginx: aaaaaaaaaaaaaaaaaaaaaaaaaaaaaaa!

2019/03/12 18:50:25 [stderr] 2187: nginx: CLogicSocket::threadRecvProcFunc()sServerType=2消息码不对!
2019/03/12 18:50:25 [stderr] 2187: nginx: 即将发送数据44015。
2019/03/12 18:50:25 [stderr] 2187: nginx: 接收到一个连接！！！,连接ip：127.0.0.1;连接port：34664

2019/03/12 18:50:25 [stderr] 2187: nginx: 接收到一个连接！！！,连接ip：0.0.0.0;连接port：0

2019/03/12 18:50:25 [stderr] 2187: nginx: CSocekt::ServerSendQueueThread()中数据发送完毕，很好。
2019/03/12 18:51:13 [info] 2296: 监听10029端口成功!
2019/03/12 18:51:13 [stderr] 2296: nginx: mysql 数据库初始化成功
2019/03/12 18:51:13 [notice] 2298: LoginServermaster process ../../nginx./ 2298 【master进程】启动并开始运行......!
2019/03/12 18:51:14 [notice] 2299: LoginServerworker process 2299 【worker进程】启动并开始运行......!
2019/03/12 18:51:17 [stderr] 2299: nginx: 接收到一个连接！！！,连接ip：127.0.0.1;连接port：34676

2019/03/12 18:51:17 [stderr] 2299: nginx: 接收到一个连接！！！,连接ip：127.0.0.1;连接port：34678

2019/03/12 18:51:21 [stderr] 2299: nginx: aaaaaaaaaaaaaaaaaaaaaaaaaaaaaaa!

2019/03/12 18:51:21 [stderr] 2299: nginx: CLogicSocket::threadRecvProcFunc()sServerType=2消息码不对!
2019/03/12 18:51:21 [stderr] 2299: nginx: 即将发送数据115。
2019/03/12 18:51:21 [stderr] 2299: nginx: 接收到一个连接！！！,连接ip：127.0.0.1;连接port：34678

2019/03/12 18:51:21 [stderr] 2299: nginx: 接收到一个连接！！！,连接ip：0.0.0.0;连接port：0

2019/03/12 18:51:21 [stderr] 2299: nginx: CSocekt::ServerSendQueueThread()中数据发送完毕，很好。
2019/03/12 18:51:21 [stderr] 2299: nginx: 连接断开
2019/03/12 18:52:33 [info] 2425: 监听10029端口成功!
2019/03/12 18:52:33 [stderr] 2425: nginx: mysql 数据库初始化成功
2019/03/12 18:52:33 [notice] 2427: LoginServermaster process ../../nginx./ 2427 【master进程】启动并开始运行......!
2019/03/12 18:52:34 [notice] 2428: LoginServerworker process 2428 【worker进程】启动并开始运行......!
2019/03/12 18:52:40 [stderr] 2428: nginx: 接收到一个连接！！！,连接ip：127.0.0.1;连接port：34696

2019/03/12 18:52:40 [stderr] 2428: nginx: 接收到一个连接！！！,连接ip：127.0.0.1;连接port：34698

2019/03/12 18:52:45 [stderr] 2428: nginx: aaaaaaaaaaaaaaaaaaaaaaaaaaaaaaa!

2019/03/12 18:52:45 [stderr] 2428: nginx: CLogicSocket::threadRecvProcFunc()sServerType=2消息码不对!
2019/03/12 18:52:45 [stderr] 2428: nginx: 即将发送数据10015。
2019/03/12 18:52:45 [stderr] 2428: nginx: 接收到一个连接！！！,连接ip：127.0.0.1;连接port：34698

2019/03/12 18:52:45 [stderr] 2428: nginx: 接收到一个连接！！！,连接ip：0.0.0.0;连接port：0

2019/03/12 18:52:45 [stderr] 2428: nginx: CSocekt::ServerSendQueueThread()中数据发送完毕，很好。
2019/03/12 18:53:46 [info] 2537: 监听10029端口成功!
2019/03/12 18:53:46 [stderr] 2537: nginx: mysql 数据库初始化成功
2019/03/12 18:53:46 [notice] 2539: LoginServermaster process ../../nginx./ 2539 【master进程】启动并开始运行......!
2019/03/12 18:53:47 [notice] 2540: LoginServerworker process 2540 【worker进程】启动并开始运行......!
2019/03/12 18:53:50 [stderr] 2540: nginx: 接收到一个连接！！！,连接ip：127.0.0.1;连接port：34708

2019/03/12 18:53:50 [stderr] 2540: nginx: 接收到一个连接！！！,连接ip：127.0.0.1;连接port：34710

2019/03/12 18:53:54 [stderr] 2540: nginx: aaaaaaaaaaaaaaaaaaaaaaaaaaaaaaa!

2019/03/12 18:53:54 [stderr] 2540: nginx: CLogicSocket::threadRecvProcFunc()sServerType=2消息码不对!
2019/03/12 18:53:54 [stderr] 2540: nginx: 即将发送数据30015。
2019/03/12 18:53:54 [stderr] 2540: nginx: 接收到一个连接！！！,连接ip：127.0.0.1;连接port：34708

2019/03/12 18:53:54 [stderr] 2540: nginx: 接收到一个连接！！！,连接ip：0.0.0.0;连接port：0

2019/03/12 18:53:54 [stderr] 2540: nginx: CSocekt::ServerSendQueueThread()中数据发送完毕，很好。
2019/03/12 18:54:46 [stderr] 2540: nginx: 连接断开
2019/03/12 18:54:46 [stderr] 2540: nginx: 连接断开
2019/03/12 18:54:58 [stderr] 2651: nginx: CSocekt::Initialize()中bind()失败,i=0. (98: Address already in use) 
2019/03/12 18:54:58 [stderr] 2651: nginx: 程序退出，再见了!
2019/03/12 18:55:25 [info] 2656: 监听10029端口成功!
2019/03/12 18:55:25 [stderr] 2656: nginx: mysql 数据库初始化成功
2019/03/12 18:55:25 [notice] 2658: LoginServermaster process ../../nginx./ 2658 【master进程】启动并开始运行......!
2019/03/12 18:55:27 [notice] 2659: LoginServerworker process 2659 【worker进程】启动并开始运行......!
2019/03/12 18:55:29 [stderr] 2659: nginx: 接收到一个连接！！！,连接ip：127.0.0.1;连接port：34722

2019/03/12 18:55:29 [stderr] 2659: nginx: 接收到一个连接！！！,连接ip：127.0.0.1;连接port：34724

2019/03/12 18:55:33 [stderr] 2659: nginx: aaaaaaaaaaaaaaaaaaaaaaaaaaaaaaa!

2019/03/12 18:55:33 [stderr] 2659: nginx: CLogicSocket::threadRecvProcFunc()sServerType=2消息码不对!
2019/03/12 18:55:33 [stderr] 2659: nginx: 即将发送数据20015。
2019/03/12 18:55:33 [stderr] 2659: nginx: 接收到一个连接！！！,连接ip：127.0.0.1;连接port：34722

2019/03/12 18:55:33 [stderr] 2659: nginx: 接收到一个连接！！！,连接ip：0.0.0.0;连接port：0

2019/03/12 18:55:33 [stderr] 2659: nginx: CSocekt::ServerSendQueueThread()中数据发送完毕，很好。
2019/03/12 18:56:11 [stderr] 2659: nginx: aaaaaaaaaaaaaaaaaaaaaaaaaaaaaaa!

2019/03/12 18:56:11 [stderr] 2659: nginx: CLogicSocket::threadRecvProcFunc()sServerType=2消息码不对!
2019/03/12 18:56:11 [stderr] 2659: nginx: 即将发送数据20015。
2019/03/12 18:56:11 [stderr] 2659: nginx: 接收到一个连接！！！,连接ip：127.0.0.1;连接port：34722

2019/03/12 18:56:11 [stderr] 2659: nginx: 接收到一个连接！！！,连接ip：0.0.0.0;连接port：0

2019/03/12 18:56:11 [stderr] 2659: nginx: CSocekt::ServerSendQueueThread()中数据发送完毕，很好。
2019/03/12 18:56:38 [stderr] 2659: nginx: aaaaaaaaaaaaaaaaaaaaaaaaaaaaaaa!

2019/03/12 18:56:38 [stderr] 2659: nginx: CLogicSocket::threadRecvProcFunc()sServerType=2消息码不对!
2019/03/12 18:56:38 [stderr] 2659: nginx: 即将发送数据20015。
2019/03/12 18:56:38 [stderr] 2659: nginx: 接收到一个连接！！！,连接ip：127.0.0.1;连接port：34722

2019/03/12 18:56:38 [stderr] 2659: nginx: 接收到一个连接！！！,连接ip：0.0.0.0;连接port：0

2019/03/12 18:56:38 [stderr] 2659: nginx: CSocekt::ServerSendQueueThread()中数据发送完毕，很好。
2019/03/12 19:06:05 [info] 2780: 监听10029端口成功!
2019/03/12 19:06:05 [stderr] 2780: nginx: mysql 数据库初始化成功
2019/03/12 19:06:05 [notice] 2782: LoginServermaster process ../../nginx./ 2782 【master进程】启动并开始运行......!
2019/03/12 19:06:06 [notice] 2783: LoginServerworker process 2783 【worker进程】启动并开始运行......!
2019/03/12 19:06:10 [stderr] 2783: nginx: 接收到一个连接！！！,连接ip：127.0.0.1;连接port：34734

2019/03/12 19:06:10 [stderr] 2783: nginx: 接收到一个连接！！！,连接ip：127.0.0.1;连接port：34736

2019/03/12 19:06:15 [stderr] 2783: nginx: wwwwwwwwwwwwwwwwwwwwwwwwwwwww

2019/03/12 19:06:15 [stderr] 2783: nginx: wwwwwwwwwwwwwwwwwwwwwwwwwwwww115

2019/03/12 19:06:15 [stderr] 2783: nginx: vvvvvvvvvvvvvvvvvvvvvvvvvvvv

2019/03/12 19:06:15 [stderr] 2783: nginx: aaaaaaaaaaaaaaaaaaaaaaaaaaaaaaa!

2019/03/12 19:06:15 [stderr] 2783: nginx: CLogicSocket::threadRecvProcFunc()sServerType=2消息码不对!
2019/03/12 19:06:15 [stderr] 2783: nginx: 即将发送数据50015。
2019/03/12 19:06:15 [stderr] 2783: nginx: 接收到一个连接！！！,连接ip：127.0.0.1;连接port：34734

2019/03/12 19:06:15 [stderr] 2783: nginx: 接收到一个连接！！！,连接ip：0.0.0.0;连接port：0

2019/03/12 19:06:15 [stderr] 2783: nginx: CSocekt::ServerSendQueueThread()中数据发送完毕，很好。
2019/03/12 19:10:17 [info] 2974: 监听10029端口成功!
2019/03/12 19:10:17 [stderr] 2974: nginx: mysql 数据库初始化成功
2019/03/12 19:10:17 [notice] 2976: LoginServermaster process ../../nginx./ 2976 【master进程】启动并开始运行......!
2019/03/12 19:10:18 [notice] 2977: LoginServerworker process 2977 【worker进程】启动并开始运行......!
2019/03/12 19:10:21 [stderr] 2977: nginx: 接收到一个连接！！！,连接ip：127.0.0.1;连接port：34748

2019/03/12 19:10:21 [stderr] 2977: nginx: 接收到一个连接！！！,连接ip：127.0.0.1;连接port：34750

2019/03/12 19:10:27 [stderr] 2977: nginx: CLogicSocket::threadRecvProcFunc()sServerType=2消息码不对!
2019/03/12 19:10:27 [stderr] 2977: nginx: 即将发送数据50015。
2019/03/12 19:10:27 [stderr] 2977: nginx: CSocekt::ServerSendQueueThread()中数据发送完毕，很好。
2019/03/13 10:15:06 [stderr] 2977: nginx: 连接断开
2019/03/13 10:15:06 [stderr] 2977: nginx: 连接断开
2019/03/13 10:16:59 [info] 4148: 监听10029端口成功!
2019/03/13 10:16:59 [stderr] 4148: nginx: mysql 数据库初始化成功
2019/03/13 10:16:59 [notice] 4150: LoginServermaster process ../../nginx./ 4150 【master进程】启动并开始运行......!
2019/03/13 10:17:00 [notice] 4151: LoginServerworker process 4151 【worker进程】启动并开始运行......!
2019/03/13 10:17:04 [stderr] 4151: nginx: 接收到一个连接！！！,连接ip：127.0.0.1;连接port：35136

2019/03/13 10:17:04 [stderr] 4151: nginx: 接收到一个连接！！！,连接ip：127.0.0.1;连接port：35138

2019/03/13 10:17:15 [stderr] 4151: nginx: CLogicSocket::threadRecvProcFunc()sServerType=2消息码不对!
2019/03/13 10:17:15 [stderr] 4151: nginx: 即将发送数据115。
2019/03/13 10:17:15 [stderr] 4151: nginx: CSocekt::ServerSendQueueThread()中数据发送完毕，很好。
2019/03/13 10:17:15 [stderr] 4151: nginx: 连接断开
2019/03/13 10:20:41 [info] 4264: 监听10029端口成功!
2019/03/13 10:20:41 [stderr] 4264: nginx: mysql 数据库初始化成功
2019/03/13 10:20:41 [notice] 4266: LoginServermaster process ../../nginx./ 4266 【master进程】启动并开始运行......!
2019/03/13 10:20:42 [notice] 4267: LoginServerworker process 4267 【worker进程】启动并开始运行......!
2019/03/13 10:20:46 [stderr] 4267: nginx: 接收到一个连接！！！,连接ip：127.0.0.1;连接port：35150

2019/03/13 10:20:46 [stderr] 4267: nginx: 接收到一个连接！！！,连接ip：127.0.0.1;连接port：35152

2019/03/13 10:20:53 [stderr] 4267: nginx: CLogicSocket::threadRecvProcFunc()sServerType=2消息码不对!
2019/03/13 10:20:53 [stderr] 4267: nginx: 即将发送数据115。
2019/03/13 10:20:53 [stderr] 4267: nginx: CSocekt::ServerSendQueueThread()中数据发送完毕，很好。
2019/03/13 10:20:53 [stderr] 4267: nginx: 连接断开
2019/03/13 10:23:05 [info] 4378: 监听10029端口成功!
2019/03/13 10:23:05 [stderr] 4378: nginx: mysql 数据库初始化成功
2019/03/13 10:23:05 [notice] 4380: LoginServermaster process ../../nginx./ 4380 【master进程】启动并开始运行......!
2019/03/13 10:23:06 [notice] 4381: LoginServerworker process 4381 【worker进程】启动并开始运行......!
2019/03/13 10:23:10 [stderr] 4381: nginx: 接收到一个连接！！！,连接ip：127.0.0.1;连接port：35172

2019/03/13 10:23:10 [stderr] 4381: nginx: 接收到一个连接！！！,连接ip：127.0.0.1;连接port：35174

2019/03/13 10:23:19 [stderr] 4381: nginx: CLogicSocket::threadRecvProcFunc()sServerType=2消息码不对!
2019/03/13 10:23:19 [stderr] 4381: nginx: 即将发送数据115。
2019/03/13 10:23:19 [stderr] 4381: nginx: CSocekt::ServerSendQueueThread()中数据发送完毕，很好。
2019/03/13 10:23:19 [stderr] 4381: nginx: CLogicSocket::threadRecvProcFunc()sServerType=0消息码不对!
2019/03/13 10:23:19 [stderr] 4381: nginx: 即将发送数据115。
2019/03/13 10:23:19 [stderr] 4381: nginx: CSocekt::ServerSendQueueThread()中数据发送完毕，很好。
2019/03/13 10:23:19 [stderr] 4381: nginx: 连接断开
2019/03/13 10:30:04 [info] 4494: 监听10029端口成功!
2019/03/13 10:30:04 [stderr] 4494: nginx: mysql 数据库初始化成功
2019/03/13 10:30:04 [notice] 4496: LoginServermaster process ../../nginx./ 4496 【master进程】启动并开始运行......!
2019/03/13 10:30:05 [notice] 4497: LoginServerworker process 4497 【worker进程】启动并开始运行......!
2019/03/13 10:30:09 [stderr] 4497: nginx: 接收到一个连接！！！,连接ip：127.0.0.1;连接port：35184

2019/03/13 10:30:09 [stderr] 4497: nginx: 接收到一个连接！！！,连接ip：127.0.0.1;连接port：35186

2019/03/13 10:30:16 [stderr] 4497: nginx: CLogicSocket::threadRecvProcFunc()sServerType=2消息码不对!
2019/03/13 10:30:16 [stderr] 4497: nginx: 即将发送数据115。
2019/03/13 10:30:16 [stderr] 4497: nginx: CSocekt::ServerSendQueueThread()中数据发送完毕，很好。
2019/03/13 10:30:16 [stderr] 4497: nginx: 连接断开
2019/03/13 10:38:50 [stderr] 4497: nginx: 连接断开
2019/03/13 10:39:18 [info] 4623: 监听10029端口成功!
2019/03/13 10:39:18 [stderr] 4623: nginx: mysql 数据库初始化成功
2019/03/13 10:39:18 [notice] 4625: LoginServermaster process ../../nginx./ 4625 【master进程】启动并开始运行......!
2019/03/13 10:39:19 [notice] 4626: LoginServerworker process 4626 【worker进程】启动并开始运行......!
2019/03/13 10:39:23 [stderr] 4626: nginx: 接收到一个连接！！！,连接ip：127.0.0.1;连接port：35198

2019/03/13 10:39:23 [stderr] 4626: nginx: 接收到一个连接！！！,连接ip：127.0.0.1;连接port：35200

2019/03/13 10:39:33 [stderr] 4626: nginx: CLogicSocket::threadRecvProcFunc()sServerType=2消息码不对!
2019/03/13 10:39:33 [stderr] 4626: nginx: 即将发送数据115。
2019/03/13 10:39:33 [stderr] 4626: nginx: CSocekt::ServerSendQueueThread()中数据发送完毕，很好。
2019/03/13 10:39:33 [stderr] 4626: nginx: 连接断开
2019/03/13 10:46:19 [info] 4735: 监听10029端口成功!
2019/03/13 10:46:19 [stderr] 4735: nginx: mysql 数据库初始化成功
2019/03/13 10:46:19 [notice] 4737: LoginServermaster process ../../nginx./ 4737 【master进程】启动并开始运行......!
2019/03/13 10:46:20 [notice] 4738: LoginServerworker process 4738 【worker进程】启动并开始运行......!
2019/03/13 10:46:23 [stderr] 4738: nginx: 接收到一个连接！！！,连接ip：127.0.0.1;连接port：35212

2019/03/13 10:46:23 [stderr] 4738: nginx: 接收到一个连接！！！,连接ip：127.0.0.1;连接port：35214

2019/03/13 10:46:30 [stderr] 4738: nginx: CLogicSocket::threadRecvProcFunc()sServerType=2消息码不对!
2019/03/13 10:46:30 [stderr] 4738: nginx: 1111111111111111111111

2019/03/13 10:46:30 [stderr] 4738: nginx: 22222222222222222222222

2019/03/13 10:46:30 [stderr] 4738: nginx: 333333333333333333333

2019/03/13 10:46:30 [stderr] 4738: nginx: 444444444444444444444444

2019/03/13 10:46:30 [stderr] 4738: nginx: 即将发送数据115。
2019/03/13 10:46:30 [stderr] 4738: nginx: 55555555555555555555555555

2019/03/13 10:46:30 [stderr] 4738: nginx: 6666666666666666666666666

2019/03/13 10:46:30 [stderr] 4738: nginx: CSocekt::ServerSendQueueThread()中数据发送完毕，很好。
2019/03/13 10:46:30 [stderr] 4738: nginx: 连接断开
2019/03/13 10:49:11 [stderr] 4738: nginx: 连接断开
2019/03/13 10:49:53 [info] 4824: 监听10029端口成功!
2019/03/13 10:49:53 [stderr] 4824: nginx: mysql 数据库初始化成功
2019/03/13 10:49:53 [notice] 4826: LoginServermaster process ../../nginx./ 4826 【master进程】启动并开始运行......!
2019/03/13 10:49:54 [notice] 4827: LoginServerworker process 4827 【worker进程】启动并开始运行......!
2019/03/13 10:49:57 [stderr] 4827: nginx: 接收到一个连接！！！,连接ip：127.0.0.1;连接port：35224

2019/03/13 10:50:14 [stderr] 4827: nginx: CLogicSocket::threadRecvProcFunc()sServerType=2消息码不对!
2019/03/13 10:50:14 [stderr] 4827: nginx: 1111111111111111111111

2019/03/13 10:50:14 [stderr] 4827: nginx: 22222222222222222222222

2019/03/13 10:50:14 [stderr] 4827: nginx: 333333333333333333333

2019/03/13 10:50:14 [stderr] 4827: nginx: 444444444444444444444444

2019/03/13 10:50:14 [stderr] 4827: nginx: 即将发送数据115。
2019/03/13 10:50:14 [stderr] 4827: nginx: 55555555555555555555555555

2019/03/13 10:50:14 [stderr] 4827: nginx: 6666666666666666666666666

2019/03/13 10:50:14 [stderr] 4827: nginx: CSocekt::ServerSendQueueThread()中数据发送完毕，很好。
2019/03/13 10:50:14 [stderr] 4827: nginx: 连接断开
2019/03/13 10:51:54 [info] 4859: 监听10029端口成功!
2019/03/13 10:51:54 [stderr] 4859: nginx: mysql 数据库初始化成功
2019/03/13 10:51:54 [notice] 4861: LoginServermaster process ../../nginx./ 4861 【master进程】启动并开始运行......!
2019/03/13 10:51:55 [notice] 4862: LoginServerworker process 4862 【worker进程】启动并开始运行......!
2019/03/13 10:51:55 [stderr] 4862: nginx: 接收到一个连接！！！,连接ip：127.0.0.1;连接port：35238

2019/03/13 10:52:04 [stderr] 4862: nginx: CLogicSocket::threadRecvProcFunc()sServerType=2消息码不对!
2019/03/13 10:52:04 [stderr] 4862: nginx: 1111111111111111111111

2019/03/13 10:52:04 [stderr] 4862: nginx: 22222222222222222222222

2019/03/13 10:52:04 [stderr] 4862: nginx: 333333333333333333333

2019/03/13 10:52:04 [stderr] 4862: nginx: 444444444444444444444444

2019/03/13 10:52:04 [stderr] 4862: nginx: 即将发送数据115。
2019/03/13 10:52:04 [stderr] 4862: nginx: 55555555555555555555555555

2019/03/13 10:52:04 [stderr] 4862: nginx: 6666666666666666666666666

2019/03/13 10:52:04 [stderr] 4862: nginx: CSocekt::ServerSendQueueThread()中数据发送完毕，很好。
2019/03/13 10:52:04 [stderr] 4862: nginx: CLogicSocket::threadRecvProcFunc()sServerType=2消息码不对!
2019/03/13 10:52:04 [stderr] 4862: nginx: 1111111111111111111111

2019/03/13 10:52:04 [stderr] 4862: nginx: 22222222222222222222222

2019/03/13 10:52:04 [stderr] 4862: nginx: 333333333333333333333

2019/03/13 10:52:04 [stderr] 4862: nginx: 444444444444444444444444

2019/03/13 10:52:04 [stderr] 4862: nginx: 即将发送数据115。
2019/03/13 10:52:04 [stderr] 4862: nginx: 55555555555555555555555555

2019/03/13 10:52:04 [stderr] 4862: nginx: 6666666666666666666666666

2019/03/13 10:52:04 [stderr] 4862: nginx: CSocekt::ServerSendQueueThread()中数据发送完毕，很好。
2019/03/13 10:52:04 [stderr] 4862: nginx: 连接断开
2019/03/13 10:55:45 [info] 4972: 监听10029端口成功!
2019/03/13 10:55:45 [stderr] 4972: nginx: mysql 数据库初始化成功
2019/03/13 10:55:45 [notice] 4974: LoginServermaster process ../../nginx./ 4974 【master进程】启动并开始运行......!
2019/03/13 10:55:46 [notice] 4975: LoginServerworker process 4975 【worker进程】启动并开始运行......!
2019/03/13 10:57:04 [stderr] 4975: nginx: 接收到一个连接！！！,连接ip：127.0.0.1;连接port：35256

2019/03/13 10:57:14 [stderr] 4975: nginx: CLogicSocket::threadRecvProcFunc()sServerType=2消息码不对!
2019/03/13 10:57:14 [stderr] 4975: nginx: CSocekt::ServerSendQueueThread()中数据发送完毕，很好。
2019/03/13 10:57:14 [stderr] 4975: nginx: 连接断开
2019/03/13 11:02:18 [info] 5095: 监听10029端口成功!
2019/03/13 11:02:18 [stderr] 5095: nginx: mysql 数据库初始化成功
2019/03/13 11:02:18 [notice] 5097: LoginServermaster process ../../nginx./ 5097 【master进程】启动并开始运行......!
2019/03/13 11:02:19 [notice] 5098: LoginServerworker process 5098 【worker进程】启动并开始运行......!
2019/03/13 11:03:11 [stderr] 5098: nginx: 接收到一个连接！！！,连接ip：127.0.0.1;连接port：35268

2019/03/13 11:03:17 [stderr] 5098: nginx: CLogicSocket::threadRecvProcFunc()sServerType=2消息码不对!
2019/03/13 11:03:17 [stderr] 5098: nginx: CSocekt::ServerSendQueueThread()中数据发送完毕，很好。
2019/03/13 11:03:17 [stderr] 5098: nginx: 连接断开
2019/03/13 11:04:59 [info] 5201: 监听10029端口成功!
2019/03/13 11:04:59 [stderr] 5201: nginx: mysql 数据库初始化成功
2019/03/13 11:04:59 [notice] 5203: LoginServermaster process ../../nginx./ 5203 【master进程】启动并开始运行......!
2019/03/13 11:05:00 [notice] 5204: LoginServerworker process 5204 【worker进程】启动并开始运行......!
2019/03/13 11:08:15 [stderr] 5204: nginx: 接收到一个连接！！！,连接ip：127.0.0.1;连接port：35278

2019/03/13 11:08:23 [stderr] 5204: nginx: CLogicSocket::threadRecvProcFunc()sServerType=2消息码不对!
2019/03/13 11:08:23 [stderr] 5204: nginx: CSocekt::ServerSendQueueThread()中数据发送完毕，很好。
2019/03/13 11:10:21 [stderr] 5204: nginx: 连接断开
2019/03/13 11:10:57 [info] 5317: 监听10029端口成功!
2019/03/13 11:10:57 [stderr] 5317: nginx: mysql 数据库初始化成功
2019/03/13 11:10:57 [notice] 5319: LoginServermaster process ../../nginx./ 5319 【master进程】启动并开始运行......!
2019/03/13 11:10:58 [notice] 5320: LoginServerworker process 5320 【worker进程】启动并开始运行......!
2019/03/13 11:11:01 [stderr] 5320: nginx: 接收到一个连接！！！,连接ip：127.0.0.1;连接port：35290

2019/03/13 11:11:05 [stderr] 5320: nginx: CLogicSocket::threadRecvProcFunc()sServerType=2消息码不对!
2019/03/13 11:11:05 [stderr] 5320: nginx: CSocekt::ServerSendQueueThread()中数据发送完毕，很好。
2019/03/13 11:11:05 [stderr] 5320: nginx: 连接断开
2019/03/13 11:28:07 [info] 5433: 监听10029端口成功!
2019/03/13 11:28:07 [stderr] 5433: nginx: mysql 数据库初始化成功
2019/03/13 11:28:07 [notice] 5435: LoginServermaster process ../../nginx./ 5435 【master进程】启动并开始运行......!
2019/03/13 11:28:08 [notice] 5436: LoginServerworker process 5436 【worker进程】启动并开始运行......!
2019/03/13 11:28:13 [stderr] 5436: nginx: 接收到一个连接！！！,连接ip：127.0.0.1;连接port：35312

2019/03/13 11:28:22 [stderr] 5436: nginx: CLogicSocket::threadRecvProcFunc()sServerType=2消息码不对!
2019/03/13 11:28:22 [stderr] 5436: nginx: CSocekt::ServerSendQueueThread()中数据发送完毕，很好。
2019/03/13 11:28:22 [stderr] 5436: nginx: 连接断开
2019/03/13 11:31:12 [stderr] 5436: nginx: 接收到一个连接！！！,连接ip：127.0.0.1;连接port：35318

2019/03/13 11:31:22 [stderr] 5436: nginx: CLogicSocket::threadRecvProcFunc()sServerType=2消息码不对!
2019/03/13 11:31:22 [stderr] 5436: nginx: CSocekt::ServerSendQueueThread()中数据发送完毕，很好。
2019/03/13 11:35:31 [stderr] 5436: nginx: 连接断开
2019/03/13 11:44:57 [stderr] 5436: nginx: 接收到一个连接！！！,连接ip：127.0.0.1;连接port：35326

2019/03/13 11:48:40 [stderr] 5436: nginx: 连接断开
2019/03/13 11:56:11 [stderr] 5436: nginx: 接收到一个连接！！！,连接ip：127.0.0.1;连接port：35334

2019/03/13 11:58:33 [stderr] 5436: nginx: 连接断开
2019/03/13 13:38:56 [info] 5937: 监听10029端口成功!
2019/03/13 13:38:56 [stderr] 5937: nginx: mysql 数据库初始化成功
2019/03/13 13:38:56 [notice] 5939: LoginServermaster process ../../nginx./ 5939 【master进程】启动并开始运行......!
2019/03/13 13:38:58 [notice] 5940: LoginServerworker process 5940 【worker进程】启动并开始运行......!
2019/03/13 13:39:06 [stderr] 5940: nginx: 接收到一个连接！！！,连接ip：127.0.0.1;连接port：35426

2019/03/13 13:39:14 [stderr] 5940: nginx: CLogicSocket::threadRecvProcFunc()sServerType=2消息码不对!
2019/03/13 13:39:14 [stderr] 5940: nginx: CSocekt::ServerSendQueueThread()中数据发送完毕，很好。
2019/03/13 13:39:14 [stderr] 5940: nginx: 连接断开
2019/03/13 13:42:19 [info] 6101: 监听10029端口成功!
2019/03/13 13:42:19 [stderr] 6101: nginx: mysql 数据库初始化成功
2019/03/13 13:42:19 [notice] 6103: LoginServermaster process ../../nginx./ 6103 【master进程】启动并开始运行......!
2019/03/13 13:42:20 [notice] 6104: LoginServerworker process 6104 【worker进程】启动并开始运行......!
2019/03/13 13:42:20 [stderr] 6104: nginx: 接收到一个连接！！！,连接ip：127.0.0.1;连接port：35438

2019/03/13 13:42:31 [stderr] 6104: nginx: CLogicSocket::threadRecvProcFunc()sServerType=2消息码不对!
2019/03/13 13:42:31 [stderr] 6104: nginx: 连接断开
2019/03/13 13:42:31 [stderr] 6104: nginx: CSocekt::ServerSendQueueThread()中数据发送完毕，很好。
2019/03/13 13:45:02 [info] 6207: 监听10029端口成功!
2019/03/13 13:45:02 [stderr] 6207: nginx: mysql 数据库初始化成功
2019/03/13 13:45:02 [notice] 6209: LoginServermaster process ../../nginx./ 6209 【master进程】启动并开始运行......!
2019/03/13 13:45:03 [notice] 6210: LoginServerworker process 6210 【worker进程】启动并开始运行......!
2019/03/13 13:45:03 [stderr] 6210: nginx: 接收到一个连接！！！,连接ip：127.0.0.1;连接port：35452

2019/03/13 13:45:11 [stderr] 6210: nginx: CLogicSocket::threadRecvProcFunc()sServerType=2消息码不对!
2019/03/13 13:45:11 [stderr] 6210: nginx: CSocekt::ServerSendQueueThread()中数据发送完毕，很好。
2019/03/13 13:45:11 [stderr] 6210: nginx: 连接断开
2019/03/13 13:47:03 [info] 6314: 监听10029端口成功!
2019/03/13 13:47:03 [stderr] 6314: nginx: mysql 数据库初始化成功
2019/03/13 13:47:03 [notice] 6316: LoginServermaster process ../../nginx./ 6316 【master进程】启动并开始运行......!
2019/03/13 13:47:05 [notice] 6317: LoginServerworker process 6317 【worker进程】启动并开始运行......!
2019/03/13 13:47:08 [stderr] 6317: nginx: 接收到一个连接！！！,连接ip：127.0.0.1;连接port：35470

2019/03/13 13:47:13 [stderr] 6317: nginx: CLogicSocket::threadRecvProcFunc()sServerType=2消息码不对!
2019/03/13 13:47:13 [stderr] 6317: nginx: CSocekt::ServerSendQueueThread()中数据发送完毕，很好。
2019/03/13 13:47:13 [stderr] 6317: nginx: CLogicSocket::threadRecvProcFunc()sServerType=2消息码不对!
2019/03/13 13:47:13 [stderr] 6317: nginx: CSocekt::ServerSendQueueThread()中数据发送完毕，很好。
2019/03/13 13:47:13 [stderr] 6317: nginx: 连接断开
2019/03/13 13:58:59 [info] 6502: 监听10029端口成功!
2019/03/13 13:58:59 [stderr] 6502: nginx: mysql 数据库初始化成功
2019/03/13 13:58:59 [notice] 6504: LoginServermaster process ../../nginx./ 6504 【master进程】启动并开始运行......!
2019/03/13 13:59:00 [notice] 6505: LoginServerworker process 6505 【worker进程】启动并开始运行......!
2019/03/13 13:59:03 [stderr] 6505: nginx: 接收到一个连接！！！,连接ip：127.0.0.1;连接port：35480

2019/03/13 13:59:10 [stderr] 6505: nginx: 连接断开
2019/03/13 14:00:44 [info] 6615: 监听10029端口成功!
2019/03/13 14:00:44 [stderr] 6615: nginx: mysql 数据库初始化成功
2019/03/13 14:00:44 [notice] 6617: LoginServermaster process ../../nginx./ 6617 【master进程】启动并开始运行......!
2019/03/13 14:00:45 [notice] 6618: LoginServerworker process 6618 【worker进程】启动并开始运行......!
2019/03/13 14:00:46 [stderr] 6618: nginx: 接收到一个连接！！！,连接ip：127.0.0.1;连接port：35496

2019/03/13 14:00:51 [stderr] 6618: nginx: 连接断开
2019/03/13 14:02:10 [info] 6721: 监听10029端口成功!
2019/03/13 14:02:10 [stderr] 6721: nginx: mysql 数据库初始化成功
2019/03/13 14:02:10 [notice] 6723: LoginServermaster process ../../nginx./ 6723 【master进程】启动并开始运行......!
2019/03/13 14:02:11 [notice] 6724: LoginServerworker process 6724 【worker进程】启动并开始运行......!
2019/03/13 14:02:12 [stderr] 6724: nginx: 接收到一个连接！！！,连接ip：127.0.0.1;连接port：35510

2019/03/13 14:02:18 [stderr] 6724: nginx: 连接断开
2019/03/13 14:05:34 [info] 6814: 监听10029端口成功!
2019/03/13 14:05:34 [stderr] 6814: nginx: mysql 数据库初始化成功
2019/03/13 14:05:34 [notice] 6816: LoginServermaster process ../../nginx./ 6816 【master进程】启动并开始运行......!
2019/03/13 14:05:35 [notice] 6817: LoginServerworker process 6817 【worker进程】启动并开始运行......!
2019/03/13 14:05:37 [stderr] 6817: nginx: 接收到一个连接！！！,连接ip：127.0.0.1;连接port：35524

2019/03/13 14:05:41 [stderr] 6817: nginx: CLogicSocket::threadRecvProcFunc()sServerType=2消息码不对!
2019/03/13 14:05:41 [stderr] 6817: nginx: sendto,连接ip：127.0.0.1;连接port：35524

2019/03/13 14:05:41 [stderr] 6817: nginx: CSocekt::ServerSendQueueThread()中数据发送完毕，很好。
2019/03/13 14:05:41 [stderr] 6817: nginx: CLogicSocket::threadRecvProcFunc()sServerType=2消息码不对!
2019/03/13 14:05:41 [stderr] 6817: nginx: sendto,连接ip：127.0.0.1;连接port：35524

2019/03/13 14:05:41 [stderr] 6817: nginx: CSocekt::ServerSendQueueThread()中数据发送完毕，很好。
2019/03/13 14:05:41 [stderr] 6817: nginx: 连接断开
2019/03/13 14:11:24 [info] 6970: 监听10029端口成功!
2019/03/13 14:11:24 [stderr] 6970: nginx: mysql 数据库初始化成功
2019/03/13 14:11:24 [notice] 6972: LoginServermaster process ../../nginx./ 6972 【master进程】启动并开始运行......!
2019/03/13 14:11:25 [notice] 6973: LoginServerworker process 6973 【worker进程】启动并开始运行......!
2019/03/13 14:11:25 [stderr] 6973: nginx: 接收到一个连接！！！,连接ip：127.0.0.1;连接port：35538

2019/03/13 14:11:36 [stderr] 6973: nginx: CLogicSocket::threadRecvProcFunc()sServerType=2消息码不对!
2019/03/13 14:11:36 [stderr] 6973: nginx: sendto,连接ip：127.0.0.1;连接port：35538

2019/03/13 14:11:36 [stderr] 6973: nginx: CSocekt::ServerSendQueueThread()中数据发送完毕，很好。
2019/03/13 14:11:36 [stderr] 6973: nginx: CLogicSocket::threadRecvProcFunc()sServerType=2消息码不对!
2019/03/13 14:11:36 [stderr] 6973: nginx: sendto,连接ip：127.0.0.1;连接port：35538

2019/03/13 14:11:36 [stderr] 6973: nginx: CSocekt::ServerSendQueueThread()中数据发送完毕，很好。
2019/03/13 14:11:36 [stderr] 6973: nginx: 连接断开
2019/03/13 14:18:03 [info] 7083: 监听10029端口成功!
2019/03/13 14:18:03 [stderr] 7083: nginx: mysql 数据库初始化成功
2019/03/13 14:18:03 [notice] 7085: LoginServermaster process ../../nginx./ 7085 【master进程】启动并开始运行......!
2019/03/13 14:18:05 [notice] 7086: LoginServerworker process 7086 【worker进程】启动并开始运行......!
2019/03/13 14:18:06 [stderr] 7086: nginx: 接收到一个连接！！！,连接ip：127.0.0.1;连接port：35554

2019/03/13 14:18:11 [stderr] 7086: nginx: CLogicSocket::threadRecvProcFunc()sServerType=2消息码不对!
2019/03/13 14:18:11 [stderr] 7086: nginx: sendto,连接ip：127.0.0.1;连接port：35554

2019/03/13 14:18:11 [stderr] 7086: nginx: CSocekt::ServerSendQueueThread()中数据发送完毕，很好。
2019/03/13 14:18:11 [stderr] 7086: nginx: CLogicSocket::threadRecvProcFunc()sServerType=2消息码不对!
2019/03/13 14:18:11 [stderr] 7086: nginx: sendto,连接ip：127.0.0.1;连接port：35554

2019/03/13 14:18:11 [stderr] 7086: nginx: CSocekt::ServerSendQueueThread()中数据发送完毕，很好。
2019/03/13 14:18:11 [stderr] 7086: nginx: 连接断开
2019/03/13 14:20:00 [info] 7185: 监听10029端口成功!
2019/03/13 14:20:00 [stderr] 7185: nginx: mysql 数据库初始化成功
2019/03/13 14:20:00 [notice] 7187: LoginServermaster process ../../nginx./ 7187 【master进程】启动并开始运行......!
2019/03/13 14:20:01 [notice] 7188: LoginServerworker process 7188 【worker进程】启动并开始运行......!
2019/03/13 14:20:01 [stderr] 7188: nginx: 接收到一个连接！！！,连接ip：127.0.0.1;连接port：35566

2019/03/13 14:20:06 [stderr] 7188: nginx: CLogicSocket::threadRecvProcFunc()sServerType=2消息码不对!
2019/03/13 14:20:06 [stderr] 7188: nginx: sendto,连接ip：127.0.0.1;连接port：35566

2019/03/13 14:20:06 [stderr] 7188: nginx: CLogicSocket::threadRecvProcFunc()sServerType=2消息码不对!
2019/03/13 14:20:06 [stderr] 7188: nginx: CSocekt::ServerSendQueueThread()中数据发送完毕，很好。
2019/03/13 14:20:06 [stderr] 7188: nginx: sendto,连接ip：127.0.0.1;连接port：35566

2019/03/13 14:20:06 [stderr] 7188: nginx: 连接断开
2019/03/13 14:20:06 [stderr] 7188: nginx: CSocekt::ServerSendQueueThread()中数据发送完毕，很好。
2019/03/13 14:24:09 [info] 7290: 监听10029端口成功!
2019/03/13 14:24:09 [stderr] 7290: nginx: mysql 数据库初始化成功
2019/03/13 14:24:09 [notice] 7292: LoginServermaster process ../../nginx./ 7292 【master进程】启动并开始运行......!
2019/03/13 14:24:10 [notice] 7293: LoginServerworker process 7293 【worker进程】启动并开始运行......!
2019/03/13 14:24:12 [stderr] 7293: nginx: 接收到一个连接！！！,连接ip：127.0.0.1;连接port：35590

2019/03/13 14:24:16 [stderr] 7293: nginx: CLogicSocket::threadRecvProcFunc()sServerType=2消息码不对!
2019/03/13 14:24:16 [stderr] 7293: nginx: sendto,连接ip：127.0.0.1;连接port：35590

2019/03/13 14:24:16 [stderr] 7293: nginx: CSocekt::ServerSendQueueThread()中数据发送完毕，很好。
2019/03/13 14:24:16 [stderr] 7293: nginx: CLogicSocket::threadRecvProcFunc()sServerType=2消息码不对!
2019/03/13 14:24:16 [stderr] 7293: nginx: sendto,连接ip：127.0.0.1;连接port：35590

2019/03/13 14:24:16 [stderr] 7293: nginx: CSocekt::ServerSendQueueThread()中数据发送完毕，很好。
2019/03/13 14:24:16 [stderr] 7293: nginx: 连接断开
2019/03/13 14:32:04 [info] 7492: 监听10029端口成功!
2019/03/13 14:32:04 [stderr] 7492: nginx: mysql 数据库初始化成功
2019/03/13 14:32:04 [notice] 7494: LoginServermaster process ../../nginx./ 7494 【master进程】启动并开始运行......!
2019/03/13 14:32:05 [notice] 7495: LoginServerworker process 7495 【worker进程】启动并开始运行......!
2019/03/13 14:32:05 [stderr] 7495: nginx: 接收到一个连接！！！,连接ip：127.0.0.1;连接port：35606

2019/03/13 14:32:11 [stderr] 7495: nginx: CLogicSocket::threadRecvProcFunc()sServerType=2消息码不对!
2019/03/13 14:32:11 [stderr] 7495: nginx: sendto,连接ip：127.0.0.1;连接port：35606

2019/03/13 14:32:11 [stderr] 7495: nginx: CSocekt::ServerSendQueueThread()中数据发送完毕，很好。
2019/03/13 14:34:40 [stderr] 7495: nginx: CLogicSocket::threadRecvProcFunc()sServerType=2消息码不对!
2019/03/13 14:34:40 [stderr] 7495: nginx: sendto,连接ip：127.0.0.1;连接port：35606

2019/03/13 14:34:40 [stderr] 7495: nginx: CSocekt::ServerSendQueueThread()中数据发送完毕，很好。
2019/03/13 14:34:43 [stderr] 7495: nginx: CLogicSocket::threadRecvProcFunc()sServerType=2消息码不对!
2019/03/13 14:34:43 [stderr] 7495: nginx: sendto,连接ip：127.0.0.1;连接port：35606

2019/03/13 14:34:43 [stderr] 7495: nginx: CSocekt::ServerSendQueueThread()中数据发送完毕，很好。
2019/03/13 14:34:47 [stderr] 7495: nginx: CLogicSocket::threadRecvProcFunc()sServerType=2消息码不对!
2019/03/13 14:34:47 [stderr] 7495: nginx: sendto,连接ip：127.0.0.1;连接port：35606

2019/03/13 14:34:47 [stderr] 7495: nginx: CSocekt::ServerSendQueueThread()中数据发送完毕，很好。
2019/03/13 14:34:49 [stderr] 7495: nginx: CLogicSocket::threadRecvProcFunc()sServerType=2消息码不对!
2019/03/13 14:34:49 [stderr] 7495: nginx: sendto,连接ip：127.0.0.1;连接port：35606

2019/03/13 14:34:49 [stderr] 7495: nginx: CSocekt::ServerSendQueueThread()中数据发送完毕，很好。
2019/03/13 14:36:05 [stderr] 7495: nginx: CLogicSocket::threadRecvProcFunc()sServerType=2消息码不对!
2019/03/13 14:36:05 [stderr] 7495: nginx: sendto,连接ip：127.0.0.1;连接port：35606

2019/03/13 14:36:05 [stderr] 7495: nginx: CSocekt::ServerSendQueueThread()中数据发送完毕，很好。
2019/03/13 14:36:06 [stderr] 7495: nginx: CLogicSocket::threadRecvProcFunc()sServerType=2消息码不对!
2019/03/13 14:36:06 [stderr] 7495: nginx: sendto,连接ip：127.0.0.1;连接port：35606

2019/03/13 14:36:06 [stderr] 7495: nginx: CSocekt::ServerSendQueueThread()中数据发送完毕，很好。
2019/03/13 14:36:08 [stderr] 7495: nginx: CLogicSocket::threadRecvProcFunc()sServerType=2消息码不对!
2019/03/13 14:36:08 [stderr] 7495: nginx: sendto,连接ip：127.0.0.1;连接port：35606

2019/03/13 14:36:08 [stderr] 7495: nginx: CSocekt::ServerSendQueueThread()中数据发送完毕，很好。
2019/03/13 14:36:09 [stderr] 7495: nginx: CLogicSocket::threadRecvProcFunc()sServerType=2消息码不对!
2019/03/13 14:36:09 [stderr] 7495: nginx: sendto,连接ip：127.0.0.1;连接port：35606

2019/03/13 14:36:09 [stderr] 7495: nginx: CSocekt::ServerSendQueueThread()中数据发送完毕，很好。
2019/03/13 14:36:53 [stderr] 7495: nginx: CLogicSocket::threadRecvProcFunc()sServerType=2消息码不对!
2019/03/13 14:36:53 [stderr] 7495: nginx: sendto,连接ip：127.0.0.1;连接port：35606

2019/03/13 14:36:53 [stderr] 7495: nginx: CSocekt::ServerSendQueueThread()中数据发送完毕，很好。
2019/03/13 14:36:55 [stderr] 7495: nginx: CLogicSocket::threadRecvProcFunc()sServerType=2消息码不对!
2019/03/13 14:36:55 [stderr] 7495: nginx: sendto,连接ip：127.0.0.1;连接port：35606

2019/03/13 14:36:55 [stderr] 7495: nginx: CSocekt::ServerSendQueueThread()中数据发送完毕，很好。
2019/03/13 14:38:58 [stderr] 7495: nginx: CLogicSocket::threadRecvProcFunc()sServerType=2消息码不对!
2019/03/13 14:38:58 [stderr] 7495: nginx: sendto,连接ip：127.0.0.1;连接port：35606

2019/03/13 14:38:58 [stderr] 7495: nginx: CSocekt::ServerSendQueueThread()中数据发送完毕，很好。
2019/03/13 14:38:59 [stderr] 7495: nginx: CLogicSocket::threadRecvProcFunc()sServerType=2消息码不对!
2019/03/13 14:38:59 [stderr] 7495: nginx: sendto,连接ip：127.0.0.1;连接port：35606

2019/03/13 14:38:59 [stderr] 7495: nginx: CSocekt::ServerSendQueueThread()中数据发送完毕，很好。
2019/03/13 14:39:01 [stderr] 7495: nginx: CLogicSocket::threadRecvProcFunc()sServerType=2消息码不对!
2019/03/13 14:39:01 [stderr] 7495: nginx: sendto,连接ip：127.0.0.1;连接port：35606

2019/03/13 14:39:01 [stderr] 7495: nginx: CSocekt::ServerSendQueueThread()中数据发送完毕，很好。
2019/03/13 14:40:22 [stderr] 7495: nginx: CLogicSocket::threadRecvProcFunc()sServerType=2消息码不对!
2019/03/13 14:40:22 [stderr] 7495: nginx: sendto,连接ip：127.0.0.1;连接port：35606

2019/03/13 14:40:22 [stderr] 7495: nginx: CSocekt::ServerSendQueueThread()中数据发送完毕，很好。
2019/03/13 14:40:23 [stderr] 7495: nginx: CLogicSocket::threadRecvProcFunc()sServerType=2消息码不对!
2019/03/13 14:40:23 [stderr] 7495: nginx: sendto,连接ip：127.0.0.1;连接port：35606

2019/03/13 14:40:23 [stderr] 7495: nginx: CSocekt::ServerSendQueueThread()中数据发送完毕，很好。
2019/03/13 15:01:11 [info] 7643: 监听10029端口成功!
2019/03/13 15:01:11 [stderr] 7643: nginx: mysql 数据库初始化成功
2019/03/13 15:01:11 [notice] 7645: LoginServermaster process ../../nginx./ 7645 【master进程】启动并开始运行......!
2019/03/13 15:01:12 [notice] 7646: LoginServerworker process 7646 【worker进程】启动并开始运行......!
2019/03/13 15:01:15 [stderr] 7646: nginx: 接收到一个连接！！！,连接ip：127.0.0.1;连接port：35628

